{"D:\\React-native\\Ciak_Tv_React_Native\\Ciak__Tv\\App.tsx": {"path":"D:\\React-native\\Ciak_Tv_React_Native\\Ciak__Tv\\App.tsx","statementMap":{"0":{"start":{"line":1,"column":0},"end":{"line":1,"column":26}},"1":{"start":{"line":2,"column":0},"end":{"line":2,"column":39}},"2":{"start":{"line":3,"column":0},"end":{"line":3,"column":43}},"3":{"start":{"line":4,"column":0},"end":{"line":4,"column":64}},"4":{"start":{"line":8,"column":2},"end":{"line":12,"column":4}},"5":{"start":{"line":6,"column":0},"end":{"line":6,"column":24}}},"fnMap":{"0":{"name":"App","decl":{"start":{"line":6,"column":24},"end":{"line":6,"column":27}},"loc":{"start":{"line":6,"column":27},"end":{"line":13,"column":1}}}},"branchMap":{},"s":{"0":0,"1":0,"2":0,"3":0,"4":0,"5":0},"f":{"0":0},"b":{}}
,"D:\\React-native\\Ciak_Tv_React_Native\\Ciak__Tv\\components\\index.ts": {"path":"D:\\React-native\\Ciak_Tv_React_Native\\Ciak__Tv\\components\\index.ts","statementMap":{"0":{"start":{"line":1,"column":0},"end":{"line":1,"column":9}},"1":{"start":{"line":10,"column":2},"end":{"line":1,"column":46}},"2":{"start":{"line":2,"column":0},"end":{"line":2,"column":9}},"3":{"start":{"line":11,"column":2},"end":{"line":2,"column":43}},"4":{"start":{"line":3,"column":0},"end":{"line":3,"column":9}},"5":{"start":{"line":12,"column":2},"end":{"line":3,"column":67}},"6":{"start":{"line":4,"column":0},"end":{"line":4,"column":9}},"7":{"start":{"line":13,"column":2},"end":{"line":4,"column":70}},"8":{"start":{"line":5,"column":0},"end":{"line":5,"column":9}},"9":{"start":{"line":14,"column":2},"end":{"line":5,"column":58}},"10":{"start":{"line":6,"column":0},"end":{"line":6,"column":9}},"11":{"start":{"line":15,"column":2},"end":{"line":6,"column":47}},"12":{"start":{"line":7,"column":0},"end":{"line":7,"column":9}},"13":{"start":{"line":16,"column":2},"end":{"line":7,"column":50}},"14":{"start":{"line":8,"column":0},"end":{"line":8,"column":9}},"15":{"start":{"line":17,"column":2},"end":{"line":8,"column":65}}},"fnMap":{"0":{"name":"(anonymous_0)","decl":{"start":{"line":10,"column":2},"end":{"line":10,"column":8}},"loc":{"start":{"line":10,"column":2},"end":{"line":1,"column":46}}},"1":{"name":"(anonymous_1)","decl":{"start":{"line":11,"column":2},"end":{"line":11,"column":7}},"loc":{"start":{"line":11,"column":2},"end":{"line":2,"column":43}}},"2":{"name":"(anonymous_2)","decl":{"start":{"line":12,"column":2},"end":{"line":12,"column":15}},"loc":{"start":{"line":12,"column":2},"end":{"line":3,"column":67}}},"3":{"name":"(anonymous_3)","decl":{"start":{"line":13,"column":2},"end":{"line":13,"column":16}},"loc":{"start":{"line":13,"column":2},"end":{"line":4,"column":70}}},"4":{"name":"(anonymous_4)","decl":{"start":{"line":14,"column":2},"end":{"line":14,"column":16}},"loc":{"start":{"line":14,"column":2},"end":{"line":5,"column":58}}},"5":{"name":"(anonymous_5)","decl":{"start":{"line":15,"column":2},"end":{"line":15,"column":12}},"loc":{"start":{"line":15,"column":2},"end":{"line":6,"column":47}}},"6":{"name":"(anonymous_6)","decl":{"start":{"line":16,"column":2},"end":{"line":16,"column":11}},"loc":{"start":{"line":16,"column":2},"end":{"line":7,"column":50}}},"7":{"name":"(anonymous_7)","decl":{"start":{"line":17,"column":2},"end":{"line":17,"column":15}},"loc":{"start":{"line":17,"column":2},"end":{"line":8,"column":65}}}},"branchMap":{},"s":{"0":0,"1":0,"2":0,"3":0,"4":0,"5":0,"6":0,"7":0,"8":0,"9":0,"10":0,"11":0,"12":0,"13":0,"14":0,"15":0},"f":{"0":0,"1":0,"2":0,"3":0,"4":0,"5":0,"6":0,"7":0},"b":{}}
,"D:\\React-native\\Ciak_Tv_React_Native\\Ciak__Tv\\components\\card\\bannerCard\\BannerCard.tsx": {"path":"D:\\React-native\\Ciak_Tv_React_Native\\Ciak__Tv\\components\\card\\bannerCard\\BannerCard.tsx","statementMap":{"0":{"start":{"line":1,"column":0},"end":{"line":1,"column":34}},"1":{"start":{"line":2,"column":0},"end":{"line":2,"column":36}},"2":{"start":{"line":3,"column":0},"end":{"line":3,"column":42}},"3":{"start":{"line":4,"column":0},"end":{"line":4,"column":71}},"4":{"start":{"line":6,"column":0},"end":{"line":6,"column":53}},"5":{"start":{"line":8,"column":44},"end":{"line":23,"column":1}},"6":{"start":{"line":9,"column":2},"end":{"line":22,"column":4}},"7":{"start":{"line":8,"column":13},"end":{"line":8,"column":44}}},"fnMap":{"0":{"name":"(anonymous_1)","decl":{"start":{"line":8,"column":44},"end":{"line":8,"column":45}},"loc":{"start":{"line":8,"column":67},"end":{"line":23,"column":1}}}},"branchMap":{},"s":{"0":1,"1":1,"2":1,"3":1,"4":1,"5":1,"6":1,"7":1},"f":{"0":1},"b":{}}
,"D:\\React-native\\Ciak_Tv_React_Native\\Ciak__Tv\\components\\card\\dashboardCard\\DashboardCard.tsx": {"path":"D:\\React-native\\Ciak_Tv_React_Native\\Ciak__Tv\\components\\card\\dashboardCard\\DashboardCard.tsx","statementMap":{"0":{"start":{"line":1,"column":0},"end":{"line":1,"column":40}},"1":{"start":{"line":3,"column":0},"end":{"line":3,"column":42}},"2":{"start":{"line":4,"column":0},"end":{"line":4,"column":36}},"3":{"start":{"line":5,"column":0},"end":{"line":5,"column":56}},"4":{"start":{"line":6,"column":0},"end":{"line":6,"column":57}},"5":{"start":{"line":9,"column":0},"end":{"line":9,"column":53}},"6":{"start":{"line":10,"column":0},"end":{"line":10,"column":52}},"7":{"start":{"line":12,"column":13},"end":{"line":42,"column":2}},"8":{"start":{"line":15,"column":6},"end":{"line":15,"column":63}},"9":{"start":{"line":16,"column":4},"end":{"line":40,"column":6}},"10":{"start":{"line":20,"column":25},"end":{"line":20,"column":72}}},"fnMap":{"0":{"name":"(anonymous_6)","decl":{"start":{"line":13,"column":2},"end":{"line":13,"column":3}},"loc":{"start":{"line":13,"column":33},"end":{"line":41,"column":3}}},"1":{"name":"(anonymous_7)","decl":{"start":{"line":20,"column":19},"end":{"line":20,"column":22}},"loc":{"start":{"line":20,"column":25},"end":{"line":20,"column":72}}}},"branchMap":{"0":{"loc":{"start":{"line":26,"column":19},"end":{"line":28,"column":100}},"type":"cond-expr","locations":[{"start":{"line":27,"column":18},"end":{"line":27,"column":69}},{"start":{"line":28,"column":18},"end":{"line":28,"column":100}}]}},"s":{"0":1,"1":1,"2":1,"3":1,"4":1,"5":1,"6":1,"7":1,"8":2,"9":2,"10":2},"f":{"0":2,"1":2},"b":{"0":[1,1]}}
,"D:\\React-native\\Ciak_Tv_React_Native\\Ciak__Tv\\components\\card\\dashboardCard\\style.ts": {"path":"D:\\React-native\\Ciak_Tv_React_Native\\Ciak__Tv\\components\\card\\dashboardCard\\style.ts","statementMap":{"0":{"start":{"line":1,"column":0},"end":{"line":1,"column":42}},"1":{"start":{"line":2,"column":13},"end":{"line":2,"column":49}}},"fnMap":{},"branchMap":{},"s":{"0":2,"1":2},"f":{},"b":{}}
,"D:\\React-native\\Ciak_Tv_React_Native\\Ciak__Tv\\components\\card\\detailsBanner\\DetailsBanner.tsx": {"path":"D:\\React-native\\Ciak_Tv_React_Native\\Ciak__Tv\\components\\card\\detailsBanner\\DetailsBanner.tsx","statementMap":{"0":{"start":{"line":1,"column":0},"end":{"line":1,"column":40}},"1":{"start":{"line":3,"column":0},"end":{"line":3,"column":59}},"2":{"start":{"line":4,"column":0},"end":{"line":4,"column":54}},"3":{"start":{"line":5,"column":0},"end":{"line":5,"column":71}},"4":{"start":{"line":6,"column":0},"end":{"line":6,"column":68}},"5":{"start":{"line":7,"column":0},"end":{"line":7,"column":null}},"6":{"start":{"line":13,"column":0},"end":{"line":13,"column":64}},"7":{"start":{"line":14,"column":0},"end":{"line":14,"column":53}},"8":{"start":{"line":15,"column":0},"end":{"line":15,"column":52}},"9":{"start":{"line":17,"column":13},"end":{"line":68,"column":3}},"10":{"start":{"line":19,"column":4},"end":{"line":19,"column":9}},"11":{"start":{"line":21,"column":25},"end":{"line":21,"column":49}},"12":{"start":{"line":22,"column":23},"end":{"line":22,"column":66}},"13":{"start":{"line":24,"column":2},"end":{"line":67,"column":4}}},"fnMap":{"0":{"name":"(anonymous_6)","decl":{"start":{"line":17,"column":59},"end":{"line":17,"column":60}},"loc":{"start":{"line":17,"column":69},"end":{"line":68,"column":1}}}},"branchMap":{"0":{"loc":{"start":{"line":29,"column":15},"end":{"line":31,"column":96}},"type":"cond-expr","locations":[{"start":{"line":30,"column":14},"end":{"line":30,"column":67}},{"start":{"line":31,"column":14},"end":{"line":31,"column":96}}]},"1":{"loc":{"start":{"line":57,"column":23},"end":{"line":57,"column":51}},"type":"cond-expr","locations":[{"start":{"line":57,"column":36},"end":{"line":57,"column":41}},{"start":{"line":57,"column":44},"end":{"line":57,"column":51}}]}},"s":{"0":0,"1":0,"2":0,"3":0,"4":0,"5":0,"6":0,"7":0,"8":0,"9":0,"10":0,"11":0,"12":0,"13":0},"f":{"0":0},"b":{"0":[0,0],"1":[0,0]}}
,"D:\\React-native\\Ciak_Tv_React_Native\\Ciak__Tv\\components\\card\\detailsBanner\\style.ts": {"path":"D:\\React-native\\Ciak_Tv_React_Native\\Ciak__Tv\\components\\card\\detailsBanner\\style.ts","statementMap":{"0":{"start":{"line":1,"column":0},"end":{"line":1,"column":42}},"1":{"start":{"line":2,"column":13},"end":{"line":6,"column":null}}},"fnMap":{},"branchMap":{},"s":{"0":0,"1":0},"f":{},"b":{}}
,"D:\\React-native\\Ciak_Tv_React_Native\\Ciak__Tv\\components\\card\\detailsBanner\\utils\\hooks\\useHandleFavorite.ts": {"path":"D:\\React-native\\Ciak_Tv_React_Native\\Ciak__Tv\\components\\card\\detailsBanner\\utils\\hooks\\useHandleFavorite.ts","statementMap":{"0":{"start":{"line":1,"column":0},"end":{"line":1,"column":36}},"1":{"start":{"line":2,"column":0},"end":{"line":2,"column":55}},"2":{"start":{"line":4,"column":0},"end":{"line":4,"column":69}},"3":{"start":{"line":5,"column":0},"end":{"line":5,"column":null}},"4":{"start":{"line":11,"column":33},"end":{"line":40,"column":1}},"5":{"start":{"line":12,"column":27},"end":{"line":13,"column":null}},"6":{"start":{"line":13,"column":38},"end":{"line":13,"column":64}},"7":{"start":{"line":15,"column":19},"end":{"line":15,"column":32}},"8":{"start":{"line":16,"column":2},"end":{"line":39,"column":42}},"9":{"start":{"line":17,"column":4},"end":{"line":38,"column":null}},"10":{"start":{"line":18,"column":28},"end":{"line":19,"column":null}},"11":{"start":{"line":19,"column":18},"end":{"line":19,"column":38}},"12":{"start":{"line":21,"column":6},"end":{"line":30,"column":null}},"13":{"start":{"line":22,"column":8},"end":{"line":27,"column":10}},"14":{"start":{"line":25,"column":47},"end":{"line":25,"column":68}},"15":{"start":{"line":28,"column":8},"end":{"line":28,"column":56}},"16":{"start":{"line":29,"column":8},"end":{"line":29,"column":15}},"17":{"start":{"line":31,"column":6},"end":{"line":31,"column":68}},"18":{"start":{"line":32,"column":6},"end":{"line":35,"column":8}},"19":{"start":{"line":37,"column":6},"end":{"line":37,"column":25}},"20":{"start":{"line":11,"column":13},"end":{"line":11,"column":33}}},"fnMap":{"0":{"name":"(anonymous_1)","decl":{"start":{"line":11,"column":33},"end":{"line":11,"column":34}},"loc":{"start":{"line":11,"column":64},"end":{"line":40,"column":1}}},"1":{"name":"(anonymous_2)","decl":{"start":{"line":13,"column":4},"end":{"line":13,"column":5}},"loc":{"start":{"line":13,"column":38},"end":{"line":13,"column":64}}},"2":{"name":"(anonymous_3)","decl":{"start":{"line":16,"column":21},"end":{"line":16,"column":26}},"loc":{"start":{"line":16,"column":32},"end":{"line":39,"column":3}}},"3":{"name":"(anonymous_4)","decl":{"start":{"line":19,"column":8},"end":{"line":19,"column":9}},"loc":{"start":{"line":19,"column":18},"end":{"line":19,"column":38}}},"4":{"name":"(anonymous_5)","decl":{"start":{"line":25,"column":36},"end":{"line":25,"column":37}},"loc":{"start":{"line":25,"column":47},"end":{"line":25,"column":68}}}},"branchMap":{"0":{"loc":{"start":{"line":21,"column":6},"end":{"line":30,"column":null}},"type":"if","locations":[{"start":{"line":21,"column":6},"end":{"line":30,"column":null}}]}},"s":{"0":0,"1":0,"2":0,"3":0,"4":0,"5":0,"6":0,"7":0,"8":0,"9":0,"10":0,"11":0,"12":0,"13":0,"14":0,"15":0,"16":0,"17":0,"18":0,"19":0,"20":0},"f":{"0":0,"1":0,"2":0,"3":0,"4":0},"b":{"0":[0]}}
,"D:\\React-native\\Ciak_Tv_React_Native\\Ciak__Tv\\components\\card\\detailsBanner\\utils\\hooks\\useRenderGenres.tsx": {"path":"D:\\React-native\\Ciak_Tv_React_Native\\Ciak__Tv\\components\\card\\detailsBanner\\utils\\hooks\\useRenderGenres.tsx","statementMap":{"0":{"start":{"line":1,"column":0},"end":{"line":1,"column":39}},"1":{"start":{"line":2,"column":0},"end":{"line":2,"column":59}},"2":{"start":{"line":3,"column":0},"end":{"line":3,"column":58}},"3":{"start":{"line":6,"column":31},"end":{"line":23,"column":1}},"4":{"start":{"line":10,"column":23},"end":{"line":20,"column":null}},"5":{"start":{"line":12,"column":6},"end":{"line":19,"column":8}},"6":{"start":{"line":13,"column":8},"end":{"line":17,"column":null}},"7":{"start":{"line":22,"column":2},"end":{"line":22,"column":22}},"8":{"start":{"line":6,"column":13},"end":{"line":6,"column":31}}},"fnMap":{"0":{"name":"(anonymous_6)","decl":{"start":{"line":6,"column":31},"end":{"line":6,"column":32}},"loc":{"start":{"line":9,"column":25},"end":{"line":23,"column":1}}},"1":{"name":"(anonymous_7)","decl":{"start":{"line":11,"column":4},"end":{"line":11,"column":7}},"loc":{"start":{"line":12,"column":6},"end":{"line":19,"column":8}}},"2":{"name":"(anonymous_8)","decl":{"start":{"line":12,"column":17},"end":{"line":12,"column":18}},"loc":{"start":{"line":13,"column":8},"end":{"line":17,"column":null}}}},"branchMap":{},"s":{"0":1,"1":1,"2":1,"3":1,"4":1,"5":1,"6":3,"7":1,"8":1},"f":{"0":1,"1":1,"2":3},"b":{}}
,"D:\\React-native\\Ciak_Tv_React_Native\\Ciak__Tv\\components\\card\\profileCard\\ProfileCard.tsx": {"path":"D:\\React-native\\Ciak_Tv_React_Native\\Ciak__Tv\\components\\card\\profileCard\\ProfileCard.tsx","statementMap":{"0":{"start":{"line":2,"column":0},"end":{"line":2,"column":43}},"1":{"start":{"line":3,"column":0},"end":{"line":3,"column":56}},"2":{"start":{"line":4,"column":0},"end":{"line":4,"column":42}},"3":{"start":{"line":6,"column":0},"end":{"line":6,"column":41}},"4":{"start":{"line":7,"column":0},"end":{"line":7,"column":70}},"5":{"start":{"line":8,"column":0},"end":{"line":8,"column":84}},"6":{"start":{"line":10,"column":20},"end":{"line":41,"column":1}},"7":{"start":{"line":11,"column":30},"end":{"line":12,"column":null}},"8":{"start":{"line":12,"column":37},"end":{"line":12,"column":60}},"9":{"start":{"line":15,"column":26},"end":{"line":15,"column":46}},"10":{"start":{"line":16,"column":30},"end":{"line":16,"column":57}},"11":{"start":{"line":18,"column":22},"end":{"line":20,"column":null}},"12":{"start":{"line":19,"column":10},"end":{"line":19,"column":45}},"13":{"start":{"line":23,"column":2},"end":{"line":40,"column":4}},"14":{"start":{"line":43,"column":0},"end":{"line":43,"column":27}}},"fnMap":{"0":{"name":"(anonymous_6)","decl":{"start":{"line":10,"column":20},"end":{"line":10,"column":23}},"loc":{"start":{"line":10,"column":25},"end":{"line":41,"column":1}}},"1":{"name":"(anonymous_7)","decl":{"start":{"line":12,"column":4},"end":{"line":12,"column":5}},"loc":{"start":{"line":12,"column":37},"end":{"line":12,"column":60}}},"2":{"name":"(anonymous_8)","decl":{"start":{"line":19,"column":4},"end":{"line":19,"column":7}},"loc":{"start":{"line":19,"column":10},"end":{"line":19,"column":45}}}},"branchMap":{},"s":{"0":0,"1":0,"2":0,"3":0,"4":0,"5":0,"6":0,"7":0,"8":0,"9":0,"10":0,"11":0,"12":0,"13":0,"14":0},"f":{"0":0,"1":0,"2":0},"b":{}}
,"D:\\React-native\\Ciak_Tv_React_Native\\Ciak__Tv\\components\\card\\profileCard\\utils\\hooks\\useHandleSetDeleteAccount.tsx": {"path":"D:\\React-native\\Ciak_Tv_React_Native\\Ciak__Tv\\components\\card\\profileCard\\utils\\hooks\\useHandleSetDeleteAccount.tsx","statementMap":{"0":{"start":{"line":2,"column":0},"end":{"line":2,"column":36}},"1":{"start":{"line":3,"column":0},"end":{"line":3,"column":42}},"2":{"start":{"line":4,"column":0},"end":{"line":4,"column":69}},"3":{"start":{"line":5,"column":0},"end":{"line":5,"column":62}},"4":{"start":{"line":6,"column":0},"end":{"line":6,"column":37}},"5":{"start":{"line":8,"column":41},"end":{"line":27,"column":1}},"6":{"start":{"line":9,"column":19},"end":{"line":9,"column":32}},"7":{"start":{"line":10,"column":2},"end":{"line":26,"column":17}},"8":{"start":{"line":11,"column":4},"end":{"line":25,"column":null}},"9":{"start":{"line":12,"column":6},"end":{"line":22,"column":9}},"10":{"start":{"line":18,"column":12},"end":{"line":18,"column":39}},"11":{"start":{"line":19,"column":12},"end":{"line":19,"column":35}},"12":{"start":{"line":24,"column":6},"end":{"line":24,"column":25}},"13":{"start":{"line":8,"column":13},"end":{"line":8,"column":41}}},"fnMap":{"0":{"name":"(anonymous_1)","decl":{"start":{"line":8,"column":41},"end":{"line":8,"column":44}},"loc":{"start":{"line":8,"column":46},"end":{"line":27,"column":1}}},"1":{"name":"(anonymous_2)","decl":{"start":{"line":10,"column":21},"end":{"line":10,"column":24}},"loc":{"start":{"line":10,"column":26},"end":{"line":26,"column":3}}},"2":{"name":"(anonymous_3)","decl":{"start":{"line":13,"column":57},"end":{"line":13,"column":60}},"loc":{"start":{"line":13,"column":62},"end":{"line":13,"column":65}}},"3":{"name":"(anonymous_4)","decl":{"start":{"line":17,"column":19},"end":{"line":17,"column":24}},"loc":{"start":{"line":17,"column":30},"end":{"line":20,"column":11}}}},"branchMap":{},"s":{"0":0,"1":0,"2":0,"3":0,"4":0,"5":0,"6":0,"7":0,"8":0,"9":0,"10":0,"11":0,"12":0,"13":0},"f":{"0":0,"1":0,"2":0,"3":0},"b":{}}
,"D:\\React-native\\Ciak_Tv_React_Native\\Ciak__Tv\\components\\card\\profileCard\\utils\\hooks\\useHandleSetLogout.tsx": {"path":"D:\\React-native\\Ciak_Tv_React_Native\\Ciak__Tv\\components\\card\\profileCard\\utils\\hooks\\useHandleSetLogout.tsx","statementMap":{"0":{"start":{"line":1,"column":0},"end":{"line":1,"column":36}},"1":{"start":{"line":2,"column":0},"end":{"line":2,"column":69}},"2":{"start":{"line":3,"column":0},"end":{"line":3,"column":55}},"3":{"start":{"line":5,"column":0},"end":{"line":5,"column":68}},"4":{"start":{"line":7,"column":34},"end":{"line":23,"column":1}},"5":{"start":{"line":8,"column":19},"end":{"line":9,"column":null}},"6":{"start":{"line":9,"column":37},"end":{"line":9,"column":60}},"7":{"start":{"line":11,"column":19},"end":{"line":11,"column":32}},"8":{"start":{"line":12,"column":2},"end":{"line":22,"column":27}},"9":{"start":{"line":13,"column":4},"end":{"line":21,"column":null}},"10":{"start":{"line":14,"column":6},"end":{"line":17,"column":8}},"11":{"start":{"line":18,"column":6},"end":{"line":18,"column":67}},"12":{"start":{"line":20,"column":6},"end":{"line":20,"column":25}},"13":{"start":{"line":7,"column":13},"end":{"line":7,"column":34}}},"fnMap":{"0":{"name":"(anonymous_1)","decl":{"start":{"line":7,"column":34},"end":{"line":7,"column":37}},"loc":{"start":{"line":7,"column":39},"end":{"line":23,"column":1}}},"1":{"name":"(anonymous_2)","decl":{"start":{"line":9,"column":4},"end":{"line":9,"column":5}},"loc":{"start":{"line":9,"column":37},"end":{"line":9,"column":60}}},"2":{"name":"(anonymous_3)","decl":{"start":{"line":12,"column":21},"end":{"line":12,"column":26}},"loc":{"start":{"line":12,"column":32},"end":{"line":22,"column":3}}}},"branchMap":{},"s":{"0":0,"1":0,"2":0,"3":0,"4":0,"5":0,"6":0,"7":0,"8":0,"9":0,"10":0,"11":0,"12":0,"13":0},"f":{"0":0,"1":0,"2":0},"b":{}}
,"D:\\React-native\\Ciak_Tv_React_Native\\Ciak__Tv\\components\\form\\style.ts": {"path":"D:\\React-native\\Ciak_Tv_React_Native\\Ciak__Tv\\components\\form\\style.ts","statementMap":{"0":{"start":{"line":1,"column":0},"end":{"line":1,"column":42}},"1":{"start":{"line":2,"column":15},"end":{"line":8,"column":3}}},"fnMap":{},"branchMap":{},"s":{"0":1,"1":1},"f":{},"b":{}}
,"D:\\React-native\\Ciak_Tv_React_Native\\Ciak__Tv\\components\\form\\changePassword\\ChangePassword.tsx": {"path":"D:\\React-native\\Ciak_Tv_React_Native\\Ciak__Tv\\components\\form\\changePassword\\ChangePassword.tsx","statementMap":{"0":{"start":{"line":1,"column":0},"end":{"line":1,"column":40}},"1":{"start":{"line":2,"column":0},"end":{"line":2,"column":59}},"2":{"start":{"line":3,"column":0},"end":{"line":3,"column":37}},"3":{"start":{"line":4,"column":0},"end":{"line":4,"column":79}},"4":{"start":{"line":5,"column":0},"end":{"line":5,"column":32}},"5":{"start":{"line":6,"column":0},"end":{"line":6,"column":78}},"6":{"start":{"line":7,"column":0},"end":{"line":7,"column":66}},"7":{"start":{"line":9,"column":30},"end":{"line":129,"column":1}},"8":{"start":{"line":10,"column":27},"end":{"line":10,"column":45}},"9":{"start":{"line":11,"column":34},"end":{"line":11,"column":62}},"10":{"start":{"line":13,"column":48},"end":{"line":13,"column":62}},"11":{"start":{"line":14,"column":2},"end":{"line":128,"column":4}},"12":{"start":{"line":42,"column":14},"end":{"line":121,"column":null}},"13":{"start":{"line":54,"column":24},"end":{"line":54,"column":61}},"14":{"start":{"line":76,"column":24},"end":{"line":76,"column":61}},"15":{"start":{"line":98,"column":24},"end":{"line":98,"column":61}},"16":{"start":{"line":9,"column":13},"end":{"line":9,"column":30}}},"fnMap":{"0":{"name":"(anonymous_6)","decl":{"start":{"line":9,"column":30},"end":{"line":9,"column":33}},"loc":{"start":{"line":9,"column":35},"end":{"line":129,"column":1}}},"1":{"name":"(anonymous_7)","decl":{"start":{"line":33,"column":13},"end":{"line":33,"column":14}},"loc":{"start":{"line":42,"column":14},"end":{"line":121,"column":null}}},"2":{"name":"(anonymous_8)","decl":{"start":{"line":53,"column":31},"end":{"line":53,"column":34}},"loc":{"start":{"line":53,"column":36},"end":{"line":55,"column":23}}},"3":{"name":"(anonymous_9)","decl":{"start":{"line":75,"column":31},"end":{"line":75,"column":34}},"loc":{"start":{"line":75,"column":36},"end":{"line":77,"column":23}}},"4":{"name":"(anonymous_10)","decl":{"start":{"line":97,"column":31},"end":{"line":97,"column":34}},"loc":{"start":{"line":97,"column":36},"end":{"line":99,"column":23}}}},"branchMap":{"0":{"loc":{"start":{"line":52,"column":28},"end":{"line":52,"column":63}},"type":"cond-expr","locations":[{"start":{"line":52,"column":46},"end":{"line":52,"column":55}},{"start":{"line":52,"column":58},"end":{"line":52,"column":63}}]},"1":{"loc":{"start":{"line":61,"column":35},"end":{"line":61,"column":76}},"type":"binary-expr","locations":[{"start":{"line":61,"column":35},"end":{"line":61,"column":54}},{"start":{"line":61,"column":58},"end":{"line":61,"column":76}}]},"2":{"loc":{"start":{"line":74,"column":28},"end":{"line":74,"column":63}},"type":"cond-expr","locations":[{"start":{"line":74,"column":46},"end":{"line":74,"column":55}},{"start":{"line":74,"column":58},"end":{"line":74,"column":63}}]},"3":{"loc":{"start":{"line":83,"column":35},"end":{"line":83,"column":76}},"type":"binary-expr","locations":[{"start":{"line":83,"column":35},"end":{"line":83,"column":54}},{"start":{"line":83,"column":58},"end":{"line":83,"column":76}}]},"4":{"loc":{"start":{"line":96,"column":28},"end":{"line":96,"column":63}},"type":"cond-expr","locations":[{"start":{"line":96,"column":46},"end":{"line":96,"column":55}},{"start":{"line":96,"column":58},"end":{"line":96,"column":63}}]},"5":{"loc":{"start":{"line":106,"column":20},"end":{"line":106,"column":69}},"type":"binary-expr","locations":[{"start":{"line":106,"column":20},"end":{"line":106,"column":43}},{"start":{"line":106,"column":47},"end":{"line":106,"column":69}}]}},"s":{"0":0,"1":0,"2":0,"3":0,"4":0,"5":0,"6":0,"7":0,"8":0,"9":0,"10":0,"11":0,"12":0,"13":0,"14":0,"15":0,"16":0},"f":{"0":0,"1":0,"2":0,"3":0,"4":0},"b":{"0":[0,0],"1":[0,0],"2":[0,0],"3":[0,0],"4":[0,0],"5":[0,0]}}
,"D:\\React-native\\Ciak_Tv_React_Native\\Ciak__Tv\\components\\form\\changePassword\\utils\\hooks\\useHandleProfile.ts": {"path":"D:\\React-native\\Ciak_Tv_React_Native\\Ciak__Tv\\components\\form\\changePassword\\utils\\hooks\\useHandleProfile.ts","statementMap":{"0":{"start":{"line":1,"column":0},"end":{"line":1,"column":36}},"1":{"start":{"line":2,"column":0},"end":{"line":2,"column":68}},"2":{"start":{"line":3,"column":0},"end":{"line":3,"column":55}},"3":{"start":{"line":5,"column":0},"end":{"line":5,"column":69}},"4":{"start":{"line":8,"column":32},"end":{"line":44,"column":1}},"5":{"start":{"line":9,"column":19},"end":{"line":10,"column":null}},"6":{"start":{"line":10,"column":37},"end":{"line":10,"column":60}},"7":{"start":{"line":12,"column":19},"end":{"line":12,"column":32}},"8":{"start":{"line":15,"column":2},"end":{"line":43,"column":4}},"9":{"start":{"line":20,"column":6},"end":{"line":40,"column":null}},"10":{"start":{"line":21,"column":8},"end":{"line":21,"column":28}},"11":{"start":{"line":22,"column":8},"end":{"line":28,"column":10}},"12":{"start":{"line":29,"column":8},"end":{"line":34,"column":10}},"13":{"start":{"line":35,"column":8},"end":{"line":35,"column":29}},"14":{"start":{"line":36,"column":8},"end":{"line":36,"column":20}},"15":{"start":{"line":38,"column":8},"end":{"line":38,"column":34}},"16":{"start":{"line":39,"column":8},"end":{"line":39,"column":56}},"17":{"start":{"line":8,"column":13},"end":{"line":8,"column":32}}},"fnMap":{"0":{"name":"(anonymous_1)","decl":{"start":{"line":8,"column":32},"end":{"line":8,"column":35}},"loc":{"start":{"line":8,"column":37},"end":{"line":44,"column":1}}},"1":{"name":"(anonymous_2)","decl":{"start":{"line":10,"column":4},"end":{"line":10,"column":5}},"loc":{"start":{"line":10,"column":37},"end":{"line":10,"column":60}}},"2":{"name":"(anonymous_3)","decl":{"start":{"line":16,"column":4},"end":{"line":16,"column":9}},"loc":{"start":{"line":19,"column":8},"end":{"line":41,"column":5}}}},"branchMap":{},"s":{"0":0,"1":0,"2":0,"3":0,"4":0,"5":0,"6":0,"7":0,"8":0,"9":0,"10":0,"11":0,"12":0,"13":0,"14":0,"15":0,"16":0,"17":0},"f":{"0":0,"1":0,"2":0},"b":{}}
,"D:\\React-native\\Ciak_Tv_React_Native\\Ciak__Tv\\components\\form\\changePassword\\validation\\useValidationSchema.ts": {"path":"D:\\React-native\\Ciak_Tv_React_Native\\Ciak__Tv\\components\\form\\changePassword\\validation\\useValidationSchema.ts","statementMap":{"0":{"start":{"line":1,"column":0},"end":{"line":1,"column":42}},"1":{"start":{"line":3,"column":0},"end":{"line":3,"column":27}},"2":{"start":{"line":5,"column":42},"end":{"line":32,"column":1}},"3":{"start":{"line":6,"column":23},"end":{"line":7,"column":null}},"4":{"start":{"line":7,"column":37},"end":{"line":7,"column":60}},"5":{"start":{"line":9,"column":34},"end":{"line":30,"column":4}},"6":{"start":{"line":31,"column":2},"end":{"line":31,"column":33}},"7":{"start":{"line":5,"column":13},"end":{"line":5,"column":42}}},"fnMap":{"0":{"name":"(anonymous_6)","decl":{"start":{"line":5,"column":42},"end":{"line":5,"column":45}},"loc":{"start":{"line":5,"column":47},"end":{"line":32,"column":1}}},"1":{"name":"(anonymous_7)","decl":{"start":{"line":7,"column":4},"end":{"line":7,"column":5}},"loc":{"start":{"line":7,"column":37},"end":{"line":7,"column":60}}}},"branchMap":{},"s":{"0":1,"1":1,"2":1,"3":1,"4":2,"5":1,"6":1,"7":1},"f":{"0":1,"1":2},"b":{}}
,"D:\\React-native\\Ciak_Tv_React_Native\\Ciak__Tv\\components\\form\\login\\Login.tsx": {"path":"D:\\React-native\\Ciak_Tv_React_Native\\Ciak__Tv\\components\\form\\login\\Login.tsx","statementMap":{"0":{"start":{"line":1,"column":0},"end":{"line":1,"column":26}},"1":{"start":{"line":2,"column":0},"end":{"line":2,"column":32}},"2":{"start":{"line":3,"column":0},"end":{"line":3,"column":65}},"3":{"start":{"line":4,"column":0},"end":{"line":4,"column":73}},"4":{"start":{"line":5,"column":0},"end":{"line":5,"column":76}},"5":{"start":{"line":6,"column":0},"end":{"line":6,"column":63}},"6":{"start":{"line":7,"column":0},"end":{"line":7,"column":37}},"7":{"start":{"line":9,"column":21},"end":{"line":87,"column":1}},"8":{"start":{"line":10,"column":24},"end":{"line":10,"column":42}},"9":{"start":{"line":11,"column":32},"end":{"line":11,"column":58}},"10":{"start":{"line":12,"column":2},"end":{"line":86,"column":4}},"11":{"start":{"line":40,"column":14},"end":{"line":79,"column":null}},"12":{"start":{"line":9,"column":13},"end":{"line":9,"column":21}}},"fnMap":{"0":{"name":"(anonymous_1)","decl":{"start":{"line":9,"column":21},"end":{"line":9,"column":24}},"loc":{"start":{"line":9,"column":26},"end":{"line":87,"column":1}}},"1":{"name":"(anonymous_2)","decl":{"start":{"line":31,"column":13},"end":{"line":31,"column":14}},"loc":{"start":{"line":40,"column":14},"end":{"line":79,"column":null}}}},"branchMap":{"0":{"loc":{"start":{"line":51,"column":35},"end":{"line":51,"column":64}},"type":"binary-expr","locations":[{"start":{"line":51,"column":35},"end":{"line":51,"column":48}},{"start":{"line":51,"column":52},"end":{"line":51,"column":64}}]},"1":{"loc":{"start":{"line":65,"column":35},"end":{"line":65,"column":70}},"type":"binary-expr","locations":[{"start":{"line":65,"column":35},"end":{"line":65,"column":51}},{"start":{"line":65,"column":55},"end":{"line":65,"column":70}}]}},"s":{"0":0,"1":0,"2":0,"3":0,"4":0,"5":0,"6":0,"7":0,"8":0,"9":0,"10":0,"11":0,"12":0},"f":{"0":0,"1":0},"b":{"0":[0,0],"1":[0,0]}}
,"D:\\React-native\\Ciak_Tv_React_Native\\Ciak__Tv\\components\\form\\login\\utils\\hook\\useHandleLogin.ts": {"path":"D:\\React-native\\Ciak_Tv_React_Native\\Ciak__Tv\\components\\form\\login\\utils\\hook\\useHandleLogin.ts","statementMap":{"0":{"start":{"line":1,"column":0},"end":{"line":1,"column":36}},"1":{"start":{"line":2,"column":0},"end":{"line":2,"column":68}},"2":{"start":{"line":3,"column":0},"end":{"line":3,"column":55}},"3":{"start":{"line":5,"column":0},"end":{"line":5,"column":69}},"4":{"start":{"line":7,"column":32},"end":{"line":23,"column":1}},"5":{"start":{"line":8,"column":40},"end":{"line":9,"column":null}},"6":{"start":{"line":9,"column":37},"end":{"line":9,"column":60}},"7":{"start":{"line":11,"column":19},"end":{"line":11,"column":32}},"8":{"start":{"line":12,"column":2},"end":{"line":22,"column":44}},"9":{"start":{"line":13,"column":4},"end":{"line":21,"column":null}},"10":{"start":{"line":14,"column":6},"end":{"line":17,"column":8}},"11":{"start":{"line":18,"column":6},"end":{"line":18,"column":80}},"12":{"start":{"line":20,"column":6},"end":{"line":20,"column":32}},"13":{"start":{"line":7,"column":13},"end":{"line":7,"column":32}}},"fnMap":{"0":{"name":"(anonymous_1)","decl":{"start":{"line":7,"column":32},"end":{"line":7,"column":35}},"loc":{"start":{"line":7,"column":37},"end":{"line":23,"column":1}}},"1":{"name":"(anonymous_2)","decl":{"start":{"line":9,"column":4},"end":{"line":9,"column":5}},"loc":{"start":{"line":9,"column":37},"end":{"line":9,"column":60}}},"2":{"name":"(anonymous_3)","decl":{"start":{"line":12,"column":21},"end":{"line":12,"column":26}},"loc":{"start":{"line":12,"column":32},"end":{"line":22,"column":3}}}},"branchMap":{},"s":{"0":1,"1":1,"2":1,"3":1,"4":1,"5":2,"6":5,"7":2,"8":2,"9":1,"10":1,"11":1,"12":0,"13":1},"f":{"0":2,"1":5,"2":1},"b":{}}
,"D:\\React-native\\Ciak_Tv_React_Native\\Ciak__Tv\\components\\form\\login\\validation\\useValidationSchema.ts": {"path":"D:\\React-native\\Ciak_Tv_React_Native\\Ciak__Tv\\components\\form\\login\\validation\\useValidationSchema.ts","statementMap":{"0":{"start":{"line":1,"column":0},"end":{"line":1,"column":27}},"1":{"start":{"line":2,"column":0},"end":{"line":2,"column":42}},"2":{"start":{"line":5,"column":40},"end":{"line":21,"column":1}},"3":{"start":{"line":6,"column":30},"end":{"line":7,"column":null}},"4":{"start":{"line":7,"column":37},"end":{"line":7,"column":60}},"5":{"start":{"line":9,"column":27},"end":{"line":19,"column":4}},"6":{"start":{"line":20,"column":2},"end":{"line":20,"column":26}},"7":{"start":{"line":5,"column":13},"end":{"line":5,"column":40}}},"fnMap":{"0":{"name":"(anonymous_6)","decl":{"start":{"line":5,"column":40},"end":{"line":5,"column":43}},"loc":{"start":{"line":5,"column":45},"end":{"line":21,"column":1}}},"1":{"name":"(anonymous_7)","decl":{"start":{"line":7,"column":4},"end":{"line":7,"column":5}},"loc":{"start":{"line":7,"column":37},"end":{"line":7,"column":60}}}},"branchMap":{},"s":{"0":1,"1":1,"2":1,"3":1,"4":2,"5":1,"6":1,"7":1},"f":{"0":1,"1":2},"b":{}}
,"D:\\React-native\\Ciak_Tv_React_Native\\Ciak__Tv\\components\\form\\signUp\\SignUp.tsx": {"path":"D:\\React-native\\Ciak_Tv_React_Native\\Ciak__Tv\\components\\form\\signUp\\SignUp.tsx","statementMap":{"0":{"start":{"line":1,"column":0},"end":{"line":1,"column":40}},"1":{"start":{"line":2,"column":0},"end":{"line":2,"column":32}},"2":{"start":{"line":3,"column":0},"end":{"line":3,"column":65}},"3":{"start":{"line":4,"column":0},"end":{"line":4,"column":73}},"4":{"start":{"line":5,"column":0},"end":{"line":5,"column":63}},"5":{"start":{"line":6,"column":0},"end":{"line":6,"column":71}},"6":{"start":{"line":7,"column":0},"end":{"line":7,"column":37}},"7":{"start":{"line":9,"column":22},"end":{"line":138,"column":1}},"8":{"start":{"line":10,"column":48},"end":{"line":10,"column":62}},"9":{"start":{"line":11,"column":23},"end":{"line":11,"column":40}},"10":{"start":{"line":13,"column":2},"end":{"line":137,"column":4}},"11":{"start":{"line":43,"column":14},"end":{"line":130,"column":null}},"12":{"start":{"line":85,"column":24},"end":{"line":85,"column":61}},"13":{"start":{"line":107,"column":24},"end":{"line":107,"column":61}},"14":{"start":{"line":9,"column":13},"end":{"line":9,"column":22}}},"fnMap":{"0":{"name":"(anonymous_6)","decl":{"start":{"line":9,"column":22},"end":{"line":9,"column":25}},"loc":{"start":{"line":9,"column":27},"end":{"line":138,"column":1}}},"1":{"name":"(anonymous_7)","decl":{"start":{"line":34,"column":13},"end":{"line":34,"column":14}},"loc":{"start":{"line":43,"column":14},"end":{"line":130,"column":null}}},"2":{"name":"(anonymous_8)","decl":{"start":{"line":84,"column":31},"end":{"line":84,"column":34}},"loc":{"start":{"line":84,"column":36},"end":{"line":86,"column":23}}},"3":{"name":"(anonymous_9)","decl":{"start":{"line":106,"column":31},"end":{"line":106,"column":34}},"loc":{"start":{"line":106,"column":36},"end":{"line":108,"column":23}}}},"branchMap":{"0":{"loc":{"start":{"line":49,"column":25},"end":{"line":49,"column":69}},"type":"binary-expr","locations":[{"start":{"line":49,"column":25},"end":{"line":49,"column":41}},{"start":{"line":49,"column":45},"end":{"line":49,"column":69}}]},"1":{"loc":{"start":{"line":55,"column":35},"end":{"line":55,"column":70}},"type":"binary-expr","locations":[{"start":{"line":55,"column":35},"end":{"line":55,"column":51}},{"start":{"line":55,"column":55},"end":{"line":55,"column":70}}]},"2":{"loc":{"start":{"line":70,"column":35},"end":{"line":70,"column":64}},"type":"binary-expr","locations":[{"start":{"line":70,"column":35},"end":{"line":70,"column":48}},{"start":{"line":70,"column":52},"end":{"line":70,"column":64}}]},"3":{"loc":{"start":{"line":83,"column":28},"end":{"line":83,"column":63}},"type":"cond-expr","locations":[{"start":{"line":83,"column":46},"end":{"line":83,"column":55}},{"start":{"line":83,"column":58},"end":{"line":83,"column":63}}]},"4":{"loc":{"start":{"line":92,"column":35},"end":{"line":92,"column":70}},"type":"binary-expr","locations":[{"start":{"line":92,"column":35},"end":{"line":92,"column":51}},{"start":{"line":92,"column":55},"end":{"line":92,"column":70}}]},"5":{"loc":{"start":{"line":105,"column":28},"end":{"line":105,"column":63}},"type":"cond-expr","locations":[{"start":{"line":105,"column":46},"end":{"line":105,"column":55}},{"start":{"line":105,"column":58},"end":{"line":105,"column":63}}]},"6":{"loc":{"start":{"line":115,"column":20},"end":{"line":115,"column":69}},"type":"binary-expr","locations":[{"start":{"line":115,"column":20},"end":{"line":115,"column":43}},{"start":{"line":115,"column":47},"end":{"line":115,"column":69}}]}},"s":{"0":0,"1":0,"2":0,"3":0,"4":0,"5":0,"6":0,"7":0,"8":0,"9":0,"10":0,"11":0,"12":0,"13":0,"14":0},"f":{"0":0,"1":0,"2":0,"3":0},"b":{"0":[0,0],"1":[0,0],"2":[0,0],"3":[0,0],"4":[0,0],"5":[0,0],"6":[0,0]}}
,"D:\\React-native\\Ciak_Tv_React_Native\\Ciak__Tv\\components\\form\\signUp\\utils\\hook\\useHandleSignUp.ts": {"path":"D:\\React-native\\Ciak_Tv_React_Native\\Ciak__Tv\\components\\form\\signUp\\utils\\hook\\useHandleSignUp.ts","statementMap":{"0":{"start":{"line":1,"column":0},"end":{"line":1,"column":36}},"1":{"start":{"line":3,"column":0},"end":{"line":3,"column":42}},"2":{"start":{"line":4,"column":0},"end":{"line":4,"column":68}},"3":{"start":{"line":5,"column":0},"end":{"line":5,"column":69}},"4":{"start":{"line":7,"column":31},"end":{"line":26,"column":1}},"5":{"start":{"line":8,"column":19},"end":{"line":8,"column":32}},"6":{"start":{"line":9,"column":2},"end":{"line":25,"column":4}},"7":{"start":{"line":11,"column":6},"end":{"line":22,"column":null}},"8":{"start":{"line":12,"column":8},"end":{"line":15,"column":10}},"9":{"start":{"line":16,"column":8},"end":{"line":18,"column":10}},"10":{"start":{"line":20,"column":8},"end":{"line":20,"column":45}},"11":{"start":{"line":21,"column":8},"end":{"line":21,"column":53}},"12":{"start":{"line":7,"column":13},"end":{"line":7,"column":31}}},"fnMap":{"0":{"name":"(anonymous_1)","decl":{"start":{"line":7,"column":31},"end":{"line":7,"column":34}},"loc":{"start":{"line":7,"column":36},"end":{"line":26,"column":1}}},"1":{"name":"(anonymous_2)","decl":{"start":{"line":10,"column":4},"end":{"line":10,"column":9}},"loc":{"start":{"line":10,"column":73},"end":{"line":23,"column":5}}}},"branchMap":{},"s":{"0":0,"1":0,"2":0,"3":0,"4":0,"5":0,"6":0,"7":0,"8":0,"9":0,"10":0,"11":0,"12":0},"f":{"0":0,"1":0},"b":{}}
,"D:\\React-native\\Ciak_Tv_React_Native\\Ciak__Tv\\components\\form\\signUp\\validation\\ValidationSchema.ts": {"path":"D:\\React-native\\Ciak_Tv_React_Native\\Ciak__Tv\\components\\form\\signUp\\validation\\ValidationSchema.ts","statementMap":{"0":{"start":{"line":1,"column":0},"end":{"line":1,"column":27}},"1":{"start":{"line":2,"column":13},"end":{"line":20,"column":3}}},"fnMap":{},"branchMap":{},"s":{"0":1,"1":1},"f":{},"b":{}}
,"D:\\React-native\\Ciak_Tv_React_Native\\Ciak__Tv\\components\\icon\\AvatarIcon.tsx": {"path":"D:\\React-native\\Ciak_Tv_React_Native\\Ciak__Tv\\components\\icon\\AvatarIcon.tsx","statementMap":{"0":{"start":{"line":1,"column":0},"end":{"line":1,"column":40}},"1":{"start":{"line":3,"column":0},"end":{"line":3,"column":44}},"2":{"start":{"line":5,"column":13},"end":{"line":7,"column":3}},"3":{"start":{"line":6,"column":2},"end":{"line":6,"column":43}}},"fnMap":{"0":{"name":"(anonymous_6)","decl":{"start":{"line":5,"column":46},"end":{"line":5,"column":47}},"loc":{"start":{"line":6,"column":2},"end":{"line":6,"column":43}}}},"branchMap":{},"s":{"0":1,"1":1,"2":1,"3":1},"f":{"0":1},"b":{}}
,"D:\\React-native\\Ciak_Tv_React_Native\\Ciak__Tv\\components\\listCards\\ListCards.tsx": {"path":"D:\\React-native\\Ciak_Tv_React_Native\\Ciak__Tv\\components\\listCards\\ListCards.tsx","statementMap":{"0":{"start":{"line":1,"column":0},"end":{"line":1,"column":43}},"1":{"start":{"line":2,"column":0},"end":{"line":2,"column":54}},"2":{"start":{"line":4,"column":0},"end":{"line":4,"column":50}},"3":{"start":{"line":5,"column":0},"end":{"line":5,"column":68}},"4":{"start":{"line":6,"column":0},"end":{"line":6,"column":74}},"5":{"start":{"line":7,"column":0},"end":{"line":7,"column":49}},"6":{"start":{"line":8,"column":0},"end":{"line":8,"column":62}},"7":{"start":{"line":10,"column":41},"end":{"line":70,"column":1}},"8":{"start":{"line":22,"column":34},"end":{"line":30,"column":null}},"9":{"start":{"line":24,"column":6},"end":{"line":28,"column":null}},"10":{"start":{"line":32,"column":2},"end":{"line":69,"column":4}},"11":{"start":{"line":43,"column":35},"end":{"line":43,"column":58}},"12":{"start":{"line":48,"column":10},"end":{"line":50,"column":18}},"13":{"start":{"line":49,"column":39},"end":{"line":49,"column":47}},"14":{"start":{"line":54,"column":10},"end":{"line":56,"column":18}},"15":{"start":{"line":55,"column":39},"end":{"line":55,"column":47}},"16":{"start":{"line":59,"column":10},"end":{"line":63,"column":null}},"17":{"start":{"line":66,"column":34},"end":{"line":66,"column":36}},"18":{"start":{"line":10,"column":13},"end":{"line":10,"column":41}}},"fnMap":{"0":{"name":"(anonymous_6)","decl":{"start":{"line":10,"column":41},"end":{"line":10,"column":42}},"loc":{"start":{"line":21,"column":5},"end":{"line":70,"column":1}}},"1":{"name":"(anonymous_7)","decl":{"start":{"line":23,"column":4},"end":{"line":23,"column":7}},"loc":{"start":{"line":24,"column":6},"end":{"line":28,"column":null}}},"2":{"name":"(anonymous_8)","decl":{"start":{"line":43,"column":29},"end":{"line":43,"column":32}},"loc":{"start":{"line":43,"column":35},"end":{"line":43,"column":58}}},"3":{"name":"(anonymous_9)","decl":{"start":{"line":47,"column":24},"end":{"line":47,"column":27}},"loc":{"start":{"line":48,"column":10},"end":{"line":50,"column":18}}},"4":{"name":"(anonymous_10)","decl":{"start":{"line":49,"column":29},"end":{"line":49,"column":30}},"loc":{"start":{"line":49,"column":39},"end":{"line":49,"column":47}}},"5":{"name":"(anonymous_11)","decl":{"start":{"line":53,"column":22},"end":{"line":53,"column":25}},"loc":{"start":{"line":54,"column":10},"end":{"line":56,"column":18}}},"6":{"name":"(anonymous_12)","decl":{"start":{"line":55,"column":29},"end":{"line":55,"column":30}},"loc":{"start":{"line":55,"column":39},"end":{"line":55,"column":47}}},"7":{"name":"(anonymous_13)","decl":{"start":{"line":58,"column":20},"end":{"line":58,"column":21}},"loc":{"start":{"line":59,"column":10},"end":{"line":63,"column":null}}},"8":{"name":"(anonymous_14)","decl":{"start":{"line":66,"column":22},"end":{"line":66,"column":23}},"loc":{"start":{"line":66,"column":34},"end":{"line":66,"column":36}}}},"branchMap":{"0":{"loc":{"start":{"line":24,"column":6},"end":{"line":28,"column":null}},"type":"binary-expr","locations":[{"start":{"line":24,"column":6},"end":{"line":24,"column":15}},{"start":{"line":25,"column":8},"end":{"line":27,"column":null}}]},"1":{"loc":{"start":{"line":27,"column":24},"end":{"line":27,"column":61}},"type":"cond-expr","locations":[{"start":{"line":27,"column":45},"end":{"line":27,"column":56}},{"start":{"line":27,"column":59},"end":{"line":27,"column":61}}]},"2":{"loc":{"start":{"line":39,"column":21},"end":{"line":39,"column":49}},"type":"binary-expr","locations":[{"start":{"line":39,"column":21},"end":{"line":39,"column":41}},{"start":{"line":39,"column":45},"end":{"line":39,"column":49}}]},"3":{"loc":{"start":{"line":48,"column":10},"end":{"line":50,"column":18}},"type":"cond-expr","locations":[{"start":{"line":49,"column":14},"end":{"line":49,"column":48}},{"start":{"line":50,"column":14},"end":{"line":50,"column":18}}]},"4":{"loc":{"start":{"line":48,"column":10},"end":{"line":48,"column":39}},"type":"binary-expr","locations":[{"start":{"line":48,"column":10},"end":{"line":48,"column":20}},{"start":{"line":48,"column":24},"end":{"line":48,"column":39}}]},"5":{"loc":{"start":{"line":54,"column":10},"end":{"line":56,"column":18}},"type":"cond-expr","locations":[{"start":{"line":55,"column":14},"end":{"line":55,"column":48}},{"start":{"line":56,"column":14},"end":{"line":56,"column":18}}]},"6":{"loc":{"start":{"line":54,"column":10},"end":{"line":54,"column":60}},"type":"binary-expr","locations":[{"start":{"line":54,"column":10},"end":{"line":54,"column":20}},{"start":{"line":54,"column":24},"end":{"line":54,"column":60}}]}},"s":{"0":0,"1":0,"2":0,"3":0,"4":0,"5":0,"6":0,"7":0,"8":0,"9":0,"10":0,"11":0,"12":0,"13":0,"14":0,"15":0,"16":0,"17":0,"18":0},"f":{"0":0,"1":0,"2":0,"3":0,"4":0,"5":0,"6":0,"7":0,"8":0},"b":{"0":[0,0],"1":[0,0],"2":[0,0],"3":[0,0],"4":[0,0],"5":[0,0],"6":[0,0]}}
,"D:\\React-native\\Ciak_Tv_React_Native\\Ciak__Tv\\components\\listCards\\utils\\Typeguard.ts": {"path":"D:\\React-native\\Ciak_Tv_React_Native\\Ciak__Tv\\components\\listCards\\utils\\Typeguard.ts","statementMap":{"0":{"start":{"line":3,"column":37},"end":{"line":7,"column":1}},"1":{"start":{"line":6,"column":2},"end":{"line":6,"column":64}},"2":{"start":{"line":3,"column":13},"end":{"line":3,"column":37}}},"fnMap":{"0":{"name":"(anonymous_0)","decl":{"start":{"line":3,"column":37},"end":{"line":3,"column":null}},"loc":{"start":{"line":5,"column":39},"end":{"line":7,"column":1}}}},"branchMap":{},"s":{"0":1,"1":1,"2":1},"f":{"0":1},"b":{}}
,"D:\\React-native\\Ciak_Tv_React_Native\\Ciak__Tv\\components\\listCards\\utils\\renderEmptyList\\RenderEmptyList.tsx": {"path":"D:\\React-native\\Ciak_Tv_React_Native\\Ciak__Tv\\components\\listCards\\utils\\renderEmptyList\\RenderEmptyList.tsx","statementMap":{"0":{"start":{"line":1,"column":0},"end":{"line":1,"column":49}},"1":{"start":{"line":4,"column":0},"end":{"line":4,"column":65}},"2":{"start":{"line":5,"column":0},"end":{"line":5,"column":53}},"3":{"start":{"line":6,"column":0},"end":{"line":6,"column":56}},"4":{"start":{"line":8,"column":0},"end":{"line":8,"column":55}},"5":{"start":{"line":10,"column":13},"end":{"line":29,"column":2}},"6":{"start":{"line":12,"column":28},"end":{"line":26,"column":26}},"7":{"start":{"line":13,"column":6},"end":{"line":15,"column":null}},"8":{"start":{"line":14,"column":8},"end":{"line":14,"column":71}},"9":{"start":{"line":16,"column":6},"end":{"line":25,"column":null}},"10":{"start":{"line":17,"column":8},"end":{"line":24,"column":null}},"11":{"start":{"line":18,"column":10},"end":{"line":23,"column":12}},"12":{"start":{"line":27,"column":4},"end":{"line":27,"column":27}}},"fnMap":{"0":{"name":"(anonymous_6)","decl":{"start":{"line":11,"column":2},"end":{"line":11,"column":3}},"loc":{"start":{"line":11,"column":27},"end":{"line":28,"column":3}}},"1":{"name":"(anonymous_7)","decl":{"start":{"line":12,"column":36},"end":{"line":12,"column":39}},"loc":{"start":{"line":12,"column":41},"end":{"line":26,"column":5}}}},"branchMap":{"0":{"loc":{"start":{"line":13,"column":6},"end":{"line":15,"column":null}},"type":"if","locations":[{"start":{"line":13,"column":6},"end":{"line":15,"column":null}}]},"1":{"loc":{"start":{"line":16,"column":6},"end":{"line":25,"column":null}},"type":"if","locations":[{"start":{"line":16,"column":6},"end":{"line":25,"column":null}}]},"2":{"loc":{"start":{"line":17,"column":8},"end":{"line":24,"column":null}},"type":"if","locations":[{"start":{"line":17,"column":8},"end":{"line":24,"column":null}}]}},"s":{"0":1,"1":1,"2":1,"3":1,"4":1,"5":1,"6":2,"7":2,"8":1,"9":1,"10":1,"11":1,"12":2},"f":{"0":2,"1":2},"b":{"0":[1],"1":[1],"2":[1]}}
,"D:\\React-native\\Ciak_Tv_React_Native\\Ciak__Tv\\components\\listCards\\utils\\renderTitle\\RenderTitle.tsx": {"path":"D:\\React-native\\Ciak_Tv_React_Native\\Ciak__Tv\\components\\listCards\\utils\\renderTitle\\RenderTitle.tsx","statementMap":{"0":{"start":{"line":1,"column":0},"end":{"line":1,"column":49}},"1":{"start":{"line":3,"column":0},"end":{"line":3,"column":56}},"2":{"start":{"line":4,"column":0},"end":{"line":4,"column":55}},"3":{"start":{"line":6,"column":13},"end":{"line":17,"column":2}},"4":{"start":{"line":8,"column":24},"end":{"line":13,"column":null}},"5":{"start":{"line":10,"column":8},"end":{"line":12,"column":16}},"6":{"start":{"line":15,"column":4},"end":{"line":15,"column":23}}},"fnMap":{"0":{"name":"(anonymous_6)","decl":{"start":{"line":7,"column":2},"end":{"line":7,"column":3}},"loc":{"start":{"line":7,"column":28},"end":{"line":16,"column":3}}},"1":{"name":"(anonymous_7)","decl":{"start":{"line":9,"column":6},"end":{"line":9,"column":9}},"loc":{"start":{"line":10,"column":8},"end":{"line":12,"column":16}}}},"branchMap":{"0":{"loc":{"start":{"line":10,"column":8},"end":{"line":12,"column":16}},"type":"cond-expr","locations":[{"start":{"line":11,"column":10},"end":{"line":11,"column":69}},{"start":{"line":12,"column":12},"end":{"line":12,"column":16}}]}},"s":{"0":1,"1":1,"2":1,"3":1,"4":2,"5":2,"6":2},"f":{"0":2,"1":2},"b":{"0":[1,1]}}
,"D:\\React-native\\Ciak_Tv_React_Native\\Ciak__Tv\\components\\searchTextField\\SearchTextField.tsx": {"path":"D:\\React-native\\Ciak_Tv_React_Native\\Ciak__Tv\\components\\searchTextField\\SearchTextField.tsx","statementMap":{"0":{"start":{"line":1,"column":0},"end":{"line":1,"column":40}},"1":{"start":{"line":3,"column":0},"end":{"line":3,"column":36}},"2":{"start":{"line":4,"column":0},"end":{"line":4,"column":47}},"3":{"start":{"line":5,"column":0},"end":{"line":5,"column":80}},"4":{"start":{"line":7,"column":13},"end":{"line":23,"column":2}},"5":{"start":{"line":9,"column":23},"end":{"line":9,"column":38}},"6":{"start":{"line":10,"column":4},"end":{"line":21,"column":6}},"7":{"start":{"line":15,"column":34},"end":{"line":15,"column":54}}},"fnMap":{"0":{"name":"(anonymous_6)","decl":{"start":{"line":8,"column":2},"end":{"line":8,"column":3}},"loc":{"start":{"line":8,"column":38},"end":{"line":22,"column":3}}},"1":{"name":"(anonymous_7)","decl":{"start":{"line":15,"column":24},"end":{"line":15,"column":25}},"loc":{"start":{"line":15,"column":34},"end":{"line":15,"column":54}}}},"branchMap":{},"s":{"0":1,"1":1,"2":1,"3":1,"4":1,"5":2,"6":2,"7":0},"f":{"0":2,"1":0},"b":{}}
,"D:\\React-native\\Ciak_Tv_React_Native\\Ciak__Tv\\components\\spinner\\SpinnerLoading.tsx": {"path":"D:\\React-native\\Ciak_Tv_React_Native\\Ciak__Tv\\components\\spinner\\SpinnerLoading.tsx","statementMap":{"0":{"start":{"line":1,"column":0},"end":{"line":1,"column":40}},"1":{"start":{"line":2,"column":0},"end":{"line":2,"column":55}},"2":{"start":{"line":5,"column":13},"end":{"line":7,"column":3}},"3":{"start":{"line":6,"column":2},"end":{"line":6,"column":70}}},"fnMap":{"0":{"name":"(anonymous_6)","decl":{"start":{"line":5,"column":54},"end":{"line":5,"column":55}},"loc":{"start":{"line":6,"column":2},"end":{"line":6,"column":70}}}},"branchMap":{},"s":{"0":2,"1":2,"2":2,"3":2},"f":{"0":2},"b":{}}
,"D:\\React-native\\Ciak_Tv_React_Native\\Ciak__Tv\\components\\text\\TextContent.tsx": {"path":"D:\\React-native\\Ciak_Tv_React_Native\\Ciak__Tv\\components\\text\\TextContent.tsx","statementMap":{"0":{"start":{"line":1,"column":0},"end":{"line":1,"column":40}},"1":{"start":{"line":2,"column":0},"end":{"line":2,"column":42}},"2":{"start":{"line":5,"column":13},"end":{"line":11,"column":2}},"3":{"start":{"line":7,"column":4},"end":{"line":8,"column":null}}},"fnMap":{"0":{"name":"(anonymous_6)","decl":{"start":{"line":6,"column":2},"end":{"line":6,"column":3}},"loc":{"start":{"line":7,"column":4},"end":{"line":8,"column":null}}}},"branchMap":{},"s":{"0":6,"1":6,"2":6,"3":6},"f":{"0":6},"b":{}}
,"D:\\React-native\\Ciak_Tv_React_Native\\Ciak__Tv\\constans\\Route.ts": {"path":"D:\\React-native\\Ciak_Tv_React_Native\\Ciak__Tv\\constans\\Route.ts","statementMap":{"0":{"start":{"line":1,"column":0},"end":{"line":1,"column":null}},"1":{"start":{"line":2,"column":2},"end":{"line":2,"column":null}},"2":{"start":{"line":3,"column":2},"end":{"line":3,"column":null}},"3":{"start":{"line":4,"column":2},"end":{"line":4,"column":null}},"4":{"start":{"line":5,"column":2},"end":{"line":5,"column":null}},"5":{"start":{"line":6,"column":2},"end":{"line":6,"column":null}},"6":{"start":{"line":7,"column":2},"end":{"line":7,"column":null}},"7":{"start":{"line":8,"column":2},"end":{"line":8,"column":null}}},"fnMap":{"0":{"name":"(anonymous_0)","decl":{"start":{"line":1,"column":0},"end":{"line":1,"column":12}},"loc":{"start":{"line":1,"column":17},"end":{"line":9,"column":1}}}},"branchMap":{"0":{"loc":{"start":{"line":1,"column":12},"end":{"line":1,"column":null}},"type":"binary-expr","locations":[{"start":{"line":1,"column":12},"end":{"line":1,"column":17}},{"start":{"line":1,"column":17},"end":{"line":1,"column":null}}]}},"s":{"0":0,"1":0,"2":0,"3":0,"4":0,"5":0,"6":0,"7":0},"f":{"0":0},"b":{"0":[0,0]}}
,"D:\\React-native\\Ciak_Tv_React_Native\\Ciak__Tv\\constans\\TypeList.ts": {"path":"D:\\React-native\\Ciak_Tv_React_Native\\Ciak__Tv\\constans\\TypeList.ts","statementMap":{"0":{"start":{"line":1,"column":0},"end":{"line":1,"column":null}},"1":{"start":{"line":2,"column":2},"end":{"line":2,"column":null}},"2":{"start":{"line":3,"column":2},"end":{"line":3,"column":null}}},"fnMap":{"0":{"name":"(anonymous_0)","decl":{"start":{"line":1,"column":0},"end":{"line":1,"column":12}},"loc":{"start":{"line":1,"column":20},"end":{"line":4,"column":1}}}},"branchMap":{"0":{"loc":{"start":{"line":1,"column":12},"end":{"line":1,"column":null}},"type":"binary-expr","locations":[{"start":{"line":1,"column":12},"end":{"line":1,"column":20}},{"start":{"line":1,"column":20},"end":{"line":1,"column":null}}]}},"s":{"0":0,"1":0,"2":0},"f":{"0":0},"b":{"0":[0,0]}}
,"D:\\React-native\\Ciak_Tv_React_Native\\Ciak__Tv\\constans\\Variant.ts": {"path":"D:\\React-native\\Ciak_Tv_React_Native\\Ciak__Tv\\constans\\Variant.ts","statementMap":{"0":{"start":{"line":1,"column":0},"end":{"line":1,"column":null}},"1":{"start":{"line":2,"column":2},"end":{"line":2,"column":null}},"2":{"start":{"line":3,"column":2},"end":{"line":3,"column":null}},"3":{"start":{"line":4,"column":2},"end":{"line":4,"column":null}}},"fnMap":{"0":{"name":"(anonymous_0)","decl":{"start":{"line":1,"column":0},"end":{"line":1,"column":12}},"loc":{"start":{"line":1,"column":19},"end":{"line":5,"column":1}}}},"branchMap":{"0":{"loc":{"start":{"line":1,"column":12},"end":{"line":1,"column":null}},"type":"binary-expr","locations":[{"start":{"line":1,"column":12},"end":{"line":1,"column":19}},{"start":{"line":1,"column":19},"end":{"line":1,"column":null}}]}},"s":{"0":6,"1":6,"2":6,"3":6},"f":{"0":6},"b":{"0":[6,6]}}
,"D:\\React-native\\Ciak_Tv_React_Native\\Ciak__Tv\\screens\\index.ts": {"path":"D:\\React-native\\Ciak_Tv_React_Native\\Ciak__Tv\\screens\\index.ts","statementMap":{"0":{"start":{"line":1,"column":0},"end":{"line":1,"column":9}},"1":{"start":{"line":5,"column":9},"end":{"line":1,"column":62}},"2":{"start":{"line":2,"column":0},"end":{"line":2,"column":9}},"3":{"start":{"line":5,"column":26},"end":{"line":2,"column":56}},"4":{"start":{"line":3,"column":0},"end":{"line":3,"column":9}},"5":{"start":{"line":5,"column":41},"end":{"line":3,"column":47}}},"fnMap":{"0":{"name":"(anonymous_0)","decl":{"start":{"line":5,"column":9},"end":{"line":5,"column":24}},"loc":{"start":{"line":5,"column":9},"end":{"line":1,"column":62}}},"1":{"name":"(anonymous_1)","decl":{"start":{"line":5,"column":26},"end":{"line":5,"column":39}},"loc":{"start":{"line":5,"column":26},"end":{"line":2,"column":56}}},"2":{"name":"(anonymous_2)","decl":{"start":{"line":5,"column":41},"end":{"line":5,"column":51}},"loc":{"start":{"line":5,"column":41},"end":{"line":3,"column":47}}}},"branchMap":{},"s":{"0":0,"1":0,"2":0,"3":0,"4":0,"5":0},"f":{"0":0,"1":0,"2":0},"b":{}}
,"D:\\React-native\\Ciak_Tv_React_Native\\Ciak__Tv\\screens\\auth\\AuthScreen.tsx": {"path":"D:\\React-native\\Ciak_Tv_React_Native\\Ciak__Tv\\screens\\auth\\AuthScreen.tsx","statementMap":{"0":{"start":{"line":1,"column":0},"end":{"line":1,"column":49}},"1":{"start":{"line":3,"column":0},"end":{"line":3,"column":49}},"2":{"start":{"line":5,"column":26},"end":{"line":11,"column":1}},"3":{"start":{"line":6,"column":23},"end":{"line":7,"column":null}},"4":{"start":{"line":7,"column":37},"end":{"line":7,"column":60}},"5":{"start":{"line":10,"column":2},"end":{"line":10,"column":43}},"6":{"start":{"line":5,"column":13},"end":{"line":5,"column":26}}},"fnMap":{"0":{"name":"(anonymous_6)","decl":{"start":{"line":5,"column":26},"end":{"line":5,"column":29}},"loc":{"start":{"line":5,"column":31},"end":{"line":11,"column":1}}},"1":{"name":"(anonymous_7)","decl":{"start":{"line":7,"column":4},"end":{"line":7,"column":5}},"loc":{"start":{"line":7,"column":37},"end":{"line":7,"column":60}}}},"branchMap":{"0":{"loc":{"start":{"line":10,"column":9},"end":{"line":10,"column":42}},"type":"cond-expr","locations":[{"start":{"line":10,"column":20},"end":{"line":10,"column":29}},{"start":{"line":10,"column":32},"end":{"line":10,"column":42}}]}},"s":{"0":0,"1":0,"2":0,"3":0,"4":0,"5":0,"6":0},"f":{"0":0,"1":0},"b":{"0":[0,0]}}
,"D:\\React-native\\Ciak_Tv_React_Native\\Ciak__Tv\\screens\\dashboard\\DashboardScreen.tsx": {"path":"D:\\React-native\\Ciak_Tv_React_Native\\Ciak__Tv\\screens\\dashboard\\DashboardScreen.tsx","statementMap":{"0":{"start":{"line":1,"column":0},"end":{"line":1,"column":40}},"1":{"start":{"line":2,"column":0},"end":{"line":2,"column":42}},"2":{"start":{"line":3,"column":0},"end":{"line":3,"column":null}},"3":{"start":{"line":8,"column":0},"end":{"line":8,"column":45}},"4":{"start":{"line":9,"column":0},"end":{"line":9,"column":73}},"5":{"start":{"line":10,"column":0},"end":{"line":10,"column":49}},"6":{"start":{"line":12,"column":31},"end":{"line":75,"column":1}},"7":{"start":{"line":13,"column":56},"end":{"line":13,"column":67}},"8":{"start":{"line":14,"column":52},"end":{"line":14,"column":63}},"9":{"start":{"line":15,"column":64},"end":{"line":15,"column":75}},"10":{"start":{"line":21,"column":6},"end":{"line":21,"column":52}},"11":{"start":{"line":27,"column":6},"end":{"line":27,"column":52}},"12":{"start":{"line":36,"column":6},"end":{"line":36,"column":54}},"13":{"start":{"line":38,"column":2},"end":{"line":74,"column":4}},"14":{"start":{"line":12,"column":13},"end":{"line":12,"column":31}}},"fnMap":{"0":{"name":"(anonymous_6)","decl":{"start":{"line":12,"column":31},"end":{"line":12,"column":34}},"loc":{"start":{"line":12,"column":36},"end":{"line":75,"column":1}}}},"branchMap":{"0":{"loc":{"start":{"line":18,"column":10},"end":{"line":18,"column":76}},"type":"default-arg","locations":[{"start":{"line":18,"column":74},"end":{"line":18,"column":76}}]},"1":{"loc":{"start":{"line":24,"column":10},"end":{"line":24,"column":76}},"type":"default-arg","locations":[{"start":{"line":24,"column":74},"end":{"line":24,"column":76}}]},"2":{"loc":{"start":{"line":30,"column":10},"end":{"line":33,"column":10}},"type":"default-arg","locations":[{"start":{"line":33,"column":8},"end":{"line":33,"column":10}}]}},"s":{"0":0,"1":0,"2":0,"3":0,"4":0,"5":0,"6":0,"7":0,"8":0,"9":0,"10":0,"11":0,"12":0,"13":0,"14":0},"f":{"0":0},"b":{"0":[0],"1":[0],"2":[0]}}
,"D:\\React-native\\Ciak_Tv_React_Native\\Ciak__Tv\\screens\\dashboard\\style.ts": {"path":"D:\\React-native\\Ciak_Tv_React_Native\\Ciak__Tv\\screens\\dashboard\\style.ts","statementMap":{"0":{"start":{"line":1,"column":0},"end":{"line":1,"column":42}},"1":{"start":{"line":2,"column":13},"end":{"line":2,"column":43}}},"fnMap":{},"branchMap":{},"s":{"0":0,"1":0},"f":{},"b":{}}
,"D:\\React-native\\Ciak_Tv_React_Native\\Ciak__Tv\\screens\\details\\DetailsScreen.tsx": {"path":"D:\\React-native\\Ciak_Tv_React_Native\\Ciak__Tv\\screens\\details\\DetailsScreen.tsx","statementMap":{"0":{"start":{"line":1,"column":0},"end":{"line":1,"column":26}},"1":{"start":{"line":2,"column":0},"end":{"line":2,"column":52}},"2":{"start":{"line":3,"column":0},"end":{"line":3,"column":68}},"3":{"start":{"line":4,"column":0},"end":{"line":4,"column":42}},"4":{"start":{"line":7,"column":0},"end":{"line":7,"column":82}},"5":{"start":{"line":8,"column":0},"end":{"line":8,"column":99}},"6":{"start":{"line":10,"column":29},"end":{"line":35,"column":1}},"7":{"start":{"line":11,"column":16},"end":{"line":11,"column":26}},"8":{"start":{"line":13,"column":22},"end":{"line":13,"column":48}},"9":{"start":{"line":14,"column":37},"end":{"line":14,"column":75}},"10":{"start":{"line":16,"column":21},"end":{"line":17,"column":null}},"11":{"start":{"line":17,"column":4},"end":{"line":17,"column":63}},"12":{"start":{"line":17,"column":48},"end":{"line":17,"column":62}},"13":{"start":{"line":20,"column":2},"end":{"line":34,"column":4}},"14":{"start":{"line":10,"column":13},"end":{"line":10,"column":29}}},"fnMap":{"0":{"name":"(anonymous_1)","decl":{"start":{"line":10,"column":29},"end":{"line":10,"column":32}},"loc":{"start":{"line":10,"column":34},"end":{"line":35,"column":1}}},"1":{"name":"(anonymous_2)","decl":{"start":{"line":16,"column":33},"end":{"line":16,"column":34}},"loc":{"start":{"line":17,"column":4},"end":{"line":17,"column":63}}},"2":{"name":"(anonymous_3)","decl":{"start":{"line":17,"column":36},"end":{"line":17,"column":37}},"loc":{"start":{"line":17,"column":48},"end":{"line":17,"column":62}}}},"branchMap":{"0":{"loc":{"start":{"line":20,"column":9},"end":{"line":33,"column":null}},"type":"cond-expr","locations":[{"start":{"line":21,"column":4},"end":{"line":30,"column":null}},{"start":{"line":33,"column":4},"end":{"line":33,"column":59}}]}},"s":{"0":0,"1":0,"2":0,"3":0,"4":0,"5":0,"6":0,"7":0,"8":0,"9":0,"10":0,"11":0,"12":0,"13":0,"14":0},"f":{"0":0,"1":0,"2":0},"b":{"0":[0,0]}}
,"D:\\React-native\\Ciak_Tv_React_Native\\Ciak__Tv\\screens\\favorite\\FavoriteScreen.tsx": {"path":"D:\\React-native\\Ciak_Tv_React_Native\\Ciak__Tv\\screens\\favorite\\FavoriteScreen.tsx","statementMap":{"0":{"start":{"line":1,"column":0},"end":{"line":1,"column":40}},"1":{"start":{"line":2,"column":0},"end":{"line":2,"column":42}},"2":{"start":{"line":4,"column":0},"end":{"line":4,"column":36}},"3":{"start":{"line":5,"column":0},"end":{"line":5,"column":50}},"4":{"start":{"line":6,"column":0},"end":{"line":6,"column":45}},"5":{"start":{"line":7,"column":0},"end":{"line":7,"column":51}},"6":{"start":{"line":9,"column":30},"end":{"line":29,"column":1}},"7":{"start":{"line":10,"column":48},"end":{"line":10,"column":59}},"8":{"start":{"line":11,"column":27},"end":{"line":12,"column":null}},"9":{"start":{"line":12,"column":38},"end":{"line":12,"column":64}},"10":{"start":{"line":14,"column":2},"end":{"line":28,"column":4}},"11":{"start":{"line":9,"column":13},"end":{"line":9,"column":30}}},"fnMap":{"0":{"name":"(anonymous_6)","decl":{"start":{"line":9,"column":30},"end":{"line":9,"column":33}},"loc":{"start":{"line":9,"column":35},"end":{"line":29,"column":1}}},"1":{"name":"(anonymous_7)","decl":{"start":{"line":12,"column":4},"end":{"line":12,"column":5}},"loc":{"start":{"line":12,"column":38},"end":{"line":12,"column":64}}}},"branchMap":{},"s":{"0":0,"1":0,"2":0,"3":0,"4":0,"5":0,"6":0,"7":0,"8":0,"9":0,"10":0,"11":0},"f":{"0":0,"1":0},"b":{}}
,"D:\\React-native\\Ciak_Tv_React_Native\\Ciak__Tv\\screens\\profile\\ProfileScreen.tsx": {"path":"D:\\React-native\\Ciak_Tv_React_Native\\Ciak__Tv\\screens\\profile\\ProfileScreen.tsx","statementMap":{"0":{"start":{"line":1,"column":0},"end":{"line":1,"column":26}},"1":{"start":{"line":2,"column":0},"end":{"line":2,"column":73}},"2":{"start":{"line":3,"column":0},"end":{"line":3,"column":50}},"3":{"start":{"line":4,"column":0},"end":{"line":4,"column":72}},"4":{"start":{"line":5,"column":0},"end":{"line":5,"column":69}},"5":{"start":{"line":6,"column":12},"end":{"line":6,"column":38}},"6":{"start":{"line":7,"column":29},"end":{"line":31,"column":1}},"7":{"start":{"line":8,"column":21},"end":{"line":8,"column":36}},"8":{"start":{"line":9,"column":2},"end":{"line":30,"column":4}},"9":{"start":{"line":16,"column":30},"end":{"line":16,"column":51}},"10":{"start":{"line":24,"column":30},"end":{"line":24,"column":61}},"11":{"start":{"line":7,"column":13},"end":{"line":7,"column":29}}},"fnMap":{"0":{"name":"(anonymous_1)","decl":{"start":{"line":7,"column":29},"end":{"line":7,"column":32}},"loc":{"start":{"line":7,"column":34},"end":{"line":31,"column":1}}},"1":{"name":"(anonymous_2)","decl":{"start":{"line":16,"column":24},"end":{"line":16,"column":27}},"loc":{"start":{"line":16,"column":30},"end":{"line":16,"column":51}}},"2":{"name":"(anonymous_3)","decl":{"start":{"line":24,"column":24},"end":{"line":24,"column":27}},"loc":{"start":{"line":24,"column":30},"end":{"line":24,"column":61}}}},"branchMap":{},"s":{"0":0,"1":0,"2":0,"3":0,"4":0,"5":0,"6":0,"7":0,"8":0,"9":0,"10":0,"11":0},"f":{"0":0,"1":0,"2":0},"b":{}}
,"D:\\React-native\\Ciak_Tv_React_Native\\Ciak__Tv\\screens\\routing\\DashboardStackNavigator.tsx": {"path":"D:\\React-native\\Ciak_Tv_React_Native\\Ciak__Tv\\screens\\routing\\DashboardStackNavigator.tsx","statementMap":{"0":{"start":{"line":1,"column":0},"end":{"line":1,"column":26}},"1":{"start":{"line":2,"column":0},"end":{"line":2,"column":45}},"2":{"start":{"line":3,"column":0},"end":{"line":3,"column":63}},"3":{"start":{"line":4,"column":0},"end":{"line":4,"column":60}},"4":{"start":{"line":5,"column":0},"end":{"line":5,"column":73}},"5":{"start":{"line":6,"column":0},"end":{"line":6,"column":54}},"6":{"start":{"line":7,"column":0},"end":{"line":7,"column":60}},"7":{"start":{"line":8,"column":0},"end":{"line":8,"column":57}},"8":{"start":{"line":10,"column":12},"end":{"line":10,"column":38}},"9":{"start":{"line":11,"column":39},"end":{"line":47,"column":1}},"10":{"start":{"line":12,"column":21},"end":{"line":12,"column":36}},"11":{"start":{"line":13,"column":2},"end":{"line":46,"column":4}},"12":{"start":{"line":19,"column":28},"end":{"line":19,"column":56}},"13":{"start":{"line":26,"column":28},"end":{"line":26,"column":53}},"14":{"start":{"line":33,"column":28},"end":{"line":33,"column":53}},"15":{"start":{"line":40,"column":28},"end":{"line":40,"column":58}},"16":{"start":{"line":11,"column":13},"end":{"line":11,"column":39}}},"fnMap":{"0":{"name":"(anonymous_1)","decl":{"start":{"line":11,"column":39},"end":{"line":11,"column":42}},"loc":{"start":{"line":11,"column":44},"end":{"line":47,"column":1}}},"1":{"name":"(anonymous_2)","decl":{"start":{"line":19,"column":22},"end":{"line":19,"column":25}},"loc":{"start":{"line":19,"column":28},"end":{"line":19,"column":56}}},"2":{"name":"(anonymous_3)","decl":{"start":{"line":26,"column":22},"end":{"line":26,"column":25}},"loc":{"start":{"line":26,"column":28},"end":{"line":26,"column":53}}},"3":{"name":"(anonymous_4)","decl":{"start":{"line":33,"column":22},"end":{"line":33,"column":25}},"loc":{"start":{"line":33,"column":28},"end":{"line":33,"column":53}}},"4":{"name":"(anonymous_5)","decl":{"start":{"line":40,"column":22},"end":{"line":40,"column":25}},"loc":{"start":{"line":40,"column":28},"end":{"line":40,"column":58}}}},"branchMap":{},"s":{"0":0,"1":0,"2":0,"3":0,"4":0,"5":0,"6":0,"7":0,"8":0,"9":0,"10":0,"11":0,"12":0,"13":0,"14":0,"15":0,"16":0},"f":{"0":0,"1":0,"2":0,"3":0,"4":0},"b":{}}
,"D:\\React-native\\Ciak_Tv_React_Native\\Ciak__Tv\\screens\\routing\\HomeStackNavigator.tsx": {"path":"D:\\React-native\\Ciak_Tv_React_Native\\Ciak__Tv\\screens\\routing\\HomeStackNavigator.tsx","statementMap":{"0":{"start":{"line":1,"column":0},"end":{"line":1,"column":26}},"1":{"start":{"line":2,"column":0},"end":{"line":2,"column":76}},"2":{"start":{"line":3,"column":0},"end":{"line":3,"column":68}},"3":{"start":{"line":4,"column":0},"end":{"line":4,"column":57}},"4":{"start":{"line":5,"column":0},"end":{"line":5,"column":42}},"5":{"start":{"line":7,"column":0},"end":{"line":7,"column":45}},"6":{"start":{"line":8,"column":0},"end":{"line":8,"column":48}},"7":{"start":{"line":10,"column":14},"end":{"line":10,"column":42}},"8":{"start":{"line":12,"column":34},"end":{"line":32,"column":1}},"9":{"start":{"line":13,"column":23},"end":{"line":14,"column":null}},"10":{"start":{"line":14,"column":37},"end":{"line":14,"column":60}},"11":{"start":{"line":16,"column":2},"end":{"line":31,"column":4}},"12":{"start":{"line":12,"column":13},"end":{"line":12,"column":34}}},"fnMap":{"0":{"name":"(anonymous_1)","decl":{"start":{"line":12,"column":34},"end":{"line":12,"column":37}},"loc":{"start":{"line":12,"column":39},"end":{"line":32,"column":1}}},"1":{"name":"(anonymous_2)","decl":{"start":{"line":14,"column":4},"end":{"line":14,"column":5}},"loc":{"start":{"line":14,"column":37},"end":{"line":14,"column":60}}}},"branchMap":{"0":{"loc":{"start":{"line":18,"column":7},"end":{"line":28,"column":null}},"type":"cond-expr","locations":[{"start":{"line":19,"column":8},"end":{"line":25,"column":null}},{"start":{"line":28,"column":8},"end":{"line":28,"column":65}}]}},"s":{"0":0,"1":0,"2":0,"3":0,"4":0,"5":0,"6":0,"7":0,"8":0,"9":0,"10":0,"11":0,"12":0},"f":{"0":0,"1":0},"b":{"0":[0,0]}}
,"D:\\React-native\\Ciak_Tv_React_Native\\Ciak__Tv\\screens\\routing\\RootNavigator.tsx": {"path":"D:\\React-native\\Ciak_Tv_React_Native\\Ciak__Tv\\screens\\routing\\RootNavigator.tsx","statementMap":{"0":{"start":{"line":1,"column":0},"end":{"line":1,"column":41}},"1":{"start":{"line":2,"column":0},"end":{"line":2,"column":63}},"2":{"start":{"line":3,"column":0},"end":{"line":3,"column":58}},"3":{"start":{"line":4,"column":0},"end":{"line":4,"column":42}},"4":{"start":{"line":6,"column":0},"end":{"line":6,"column":66}},"5":{"start":{"line":7,"column":0},"end":{"line":7,"column":74}},"6":{"start":{"line":10,"column":29},"end":{"line":33,"column":1}},"7":{"start":{"line":11,"column":23},"end":{"line":12,"column":null}},"8":{"start":{"line":12,"column":37},"end":{"line":12,"column":60}},"9":{"start":{"line":15,"column":26},"end":{"line":15,"column":44}},"10":{"start":{"line":16,"column":30},"end":{"line":16,"column":52}},"11":{"start":{"line":18,"column":2},"end":{"line":22,"column":34}},"12":{"start":{"line":19,"column":4},"end":{"line":21,"column":null}},"13":{"start":{"line":20,"column":6},"end":{"line":20,"column":29}},"14":{"start":{"line":24,"column":2},"end":{"line":26,"column":28}},"15":{"start":{"line":25,"column":4},"end":{"line":25,"column":31}},"16":{"start":{"line":28,"column":2},"end":{"line":32,"column":4}},"17":{"start":{"line":10,"column":13},"end":{"line":10,"column":29}}},"fnMap":{"0":{"name":"(anonymous_6)","decl":{"start":{"line":10,"column":29},"end":{"line":10,"column":32}},"loc":{"start":{"line":10,"column":34},"end":{"line":33,"column":1}}},"1":{"name":"(anonymous_7)","decl":{"start":{"line":12,"column":4},"end":{"line":12,"column":5}},"loc":{"start":{"line":12,"column":37},"end":{"line":12,"column":60}}},"2":{"name":"(anonymous_8)","decl":{"start":{"line":18,"column":12},"end":{"line":18,"column":15}},"loc":{"start":{"line":18,"column":17},"end":{"line":22,"column":3}}},"3":{"name":"(anonymous_9)","decl":{"start":{"line":24,"column":12},"end":{"line":24,"column":15}},"loc":{"start":{"line":24,"column":17},"end":{"line":26,"column":3}}}},"branchMap":{"0":{"loc":{"start":{"line":19,"column":4},"end":{"line":21,"column":null}},"type":"if","locations":[{"start":{"line":19,"column":4},"end":{"line":21,"column":null}}]}},"s":{"0":0,"1":0,"2":0,"3":0,"4":0,"5":0,"6":0,"7":0,"8":0,"9":0,"10":0,"11":0,"12":0,"13":0,"14":0,"15":0,"16":0,"17":0},"f":{"0":0,"1":0,"2":0,"3":0},"b":{"0":[0]}}
,"D:\\React-native\\Ciak_Tv_React_Native\\Ciak__Tv\\screens\\routing\\utils\\hooks\\useCheckFavoriteData.ts": {"path":"D:\\React-native\\Ciak_Tv_React_Native\\Ciak__Tv\\screens\\routing\\utils\\hooks\\useCheckFavoriteData.ts","statementMap":{"0":{"start":{"line":1,"column":0},"end":{"line":1,"column":36}},"1":{"start":{"line":2,"column":0},"end":{"line":2,"column":64}},"2":{"start":{"line":3,"column":0},"end":{"line":3,"column":42}},"3":{"start":{"line":5,"column":0},"end":{"line":5,"column":75}},"4":{"start":{"line":7,"column":36},"end":{"line":25,"column":1}},"5":{"start":{"line":8,"column":19},"end":{"line":8,"column":32}},"6":{"start":{"line":9,"column":29},"end":{"line":9,"column":52}},"7":{"start":{"line":10,"column":2},"end":{"line":24,"column":37}},"8":{"start":{"line":11,"column":4},"end":{"line":23,"column":null}},"9":{"start":{"line":12,"column":27},"end":{"line":12,"column":67}},"10":{"start":{"line":13,"column":6},"end":{"line":20,"column":null}},"11":{"start":{"line":14,"column":35},"end":{"line":15,"column":null}},"12":{"start":{"line":17,"column":8},"end":{"line":19,"column":null}},"13":{"start":{"line":18,"column":10},"end":{"line":18,"column":65}},"14":{"start":{"line":22,"column":6},"end":{"line":22,"column":37}},"15":{"start":{"line":7,"column":13},"end":{"line":7,"column":36}}},"fnMap":{"0":{"name":"(anonymous_0)","decl":{"start":{"line":7,"column":36},"end":{"line":7,"column":39}},"loc":{"start":{"line":7,"column":41},"end":{"line":25,"column":1}}},"1":{"name":"(anonymous_1)","decl":{"start":{"line":10,"column":21},"end":{"line":10,"column":26}},"loc":{"start":{"line":10,"column":32},"end":{"line":24,"column":3}}}},"branchMap":{"0":{"loc":{"start":{"line":13,"column":6},"end":{"line":20,"column":null}},"type":"if","locations":[{"start":{"line":13,"column":6},"end":{"line":20,"column":null}}]},"1":{"loc":{"start":{"line":17,"column":8},"end":{"line":19,"column":null}},"type":"if","locations":[{"start":{"line":17,"column":8},"end":{"line":19,"column":null}}]}},"s":{"0":0,"1":0,"2":0,"3":0,"4":0,"5":0,"6":0,"7":0,"8":0,"9":0,"10":0,"11":0,"12":0,"13":0,"14":0,"15":0},"f":{"0":0,"1":0},"b":{"0":[0],"1":[0]}}
,"D:\\React-native\\Ciak_Tv_React_Native\\Ciak__Tv\\screens\\routing\\utils\\hooks\\useCheckUserData.ts": {"path":"D:\\React-native\\Ciak_Tv_React_Native\\Ciak__Tv\\screens\\routing\\utils\\hooks\\useCheckUserData.ts","statementMap":{"0":{"start":{"line":1,"column":0},"end":{"line":1,"column":36}},"1":{"start":{"line":2,"column":0},"end":{"line":2,"column":64}},"2":{"start":{"line":3,"column":0},"end":{"line":3,"column":42}},"3":{"start":{"line":4,"column":0},"end":{"line":4,"column":65}},"4":{"start":{"line":7,"column":32},"end":{"line":20,"column":1}},"5":{"start":{"line":8,"column":19},"end":{"line":8,"column":32}},"6":{"start":{"line":9,"column":29},"end":{"line":9,"column":52}},"7":{"start":{"line":10,"column":2},"end":{"line":19,"column":37}},"8":{"start":{"line":11,"column":4},"end":{"line":18,"column":null}},"9":{"start":{"line":12,"column":23},"end":{"line":12,"column":59}},"10":{"start":{"line":13,"column":6},"end":{"line":15,"column":null}},"11":{"start":{"line":14,"column":8},"end":{"line":14,"column":70}},"12":{"start":{"line":17,"column":6},"end":{"line":17,"column":37}},"13":{"start":{"line":7,"column":13},"end":{"line":7,"column":32}}},"fnMap":{"0":{"name":"(anonymous_0)","decl":{"start":{"line":7,"column":32},"end":{"line":7,"column":35}},"loc":{"start":{"line":7,"column":37},"end":{"line":20,"column":1}}},"1":{"name":"(anonymous_1)","decl":{"start":{"line":10,"column":21},"end":{"line":10,"column":26}},"loc":{"start":{"line":10,"column":32},"end":{"line":19,"column":3}}}},"branchMap":{"0":{"loc":{"start":{"line":13,"column":6},"end":{"line":15,"column":null}},"type":"if","locations":[{"start":{"line":13,"column":6},"end":{"line":15,"column":null}}]}},"s":{"0":0,"1":0,"2":0,"3":0,"4":0,"5":0,"6":0,"7":0,"8":0,"9":0,"10":0,"11":0,"12":0,"13":0},"f":{"0":0,"1":0},"b":{"0":[0]}}
,"D:\\React-native\\Ciak_Tv_React_Native\\Ciak__Tv\\screens\\routing\\utils\\hooks\\useHandleAsyncStorage.ts": {"path":"D:\\React-native\\Ciak_Tv_React_Native\\Ciak__Tv\\screens\\routing\\utils\\hooks\\useHandleAsyncStorage.ts","statementMap":{"0":{"start":{"line":1,"column":0},"end":{"line":1,"column":69}},"1":{"start":{"line":2,"column":0},"end":{"line":2,"column":36}},"2":{"start":{"line":4,"column":37},"end":{"line":13,"column":1}},"3":{"start":{"line":5,"column":2},"end":{"line":12,"column":9}},"4":{"start":{"line":6,"column":4},"end":{"line":11,"column":null}},"5":{"start":{"line":7,"column":31},"end":{"line":7,"column":75}},"6":{"start":{"line":8,"column":6},"end":{"line":8,"column":30}},"7":{"start":{"line":10,"column":6},"end":{"line":10,"column":25}},"8":{"start":{"line":4,"column":13},"end":{"line":4,"column":37}}},"fnMap":{"0":{"name":"(anonymous_1)","decl":{"start":{"line":4,"column":37},"end":{"line":4,"column":40}},"loc":{"start":{"line":4,"column":42},"end":{"line":13,"column":1}}},"1":{"name":"(anonymous_2)","decl":{"start":{"line":5,"column":21},"end":{"line":5,"column":26}},"loc":{"start":{"line":5,"column":56},"end":{"line":12,"column":3}}}},"branchMap":{},"s":{"0":0,"1":0,"2":0,"3":0,"4":0,"5":0,"6":0,"7":0,"8":0},"f":{"0":0,"1":0},"b":{}}
,"D:\\React-native\\Ciak_Tv_React_Native\\Ciak__Tv\\screens\\routing\\utils\\hooks\\useRenderIcon.tsx": {"path":"D:\\React-native\\Ciak_Tv_React_Native\\Ciak__Tv\\screens\\routing\\utils\\hooks\\useRenderIcon.tsx","statementMap":{"0":{"start":{"line":1,"column":0},"end":{"line":1,"column":43}},"1":{"start":{"line":2,"column":0},"end":{"line":2,"column":48}},"2":{"start":{"line":4,"column":29},"end":{"line":6,"column":1}},"3":{"start":{"line":5,"column":2},"end":{"line":5,"column":79}},"4":{"start":{"line":5,"column":43},"end":{"line":5,"column":73}},"5":{"start":{"line":4,"column":13},"end":{"line":4,"column":29}}},"fnMap":{"0":{"name":"(anonymous_6)","decl":{"start":{"line":4,"column":29},"end":{"line":4,"column":32}},"loc":{"start":{"line":4,"column":34},"end":{"line":6,"column":1}}},"1":{"name":"(anonymous_7)","decl":{"start":{"line":5,"column":21},"end":{"line":5,"column":22}},"loc":{"start":{"line":5,"column":43},"end":{"line":5,"column":73}}}},"branchMap":{},"s":{"0":1,"1":1,"2":1,"3":2,"4":2,"5":1},"f":{"0":2,"1":2},"b":{}}
,"D:\\React-native\\Ciak_Tv_React_Native\\Ciak__Tv\\screens\\search\\SearchScreen.tsx": {"path":"D:\\React-native\\Ciak_Tv_React_Native\\Ciak__Tv\\screens\\search\\SearchScreen.tsx","statementMap":{"0":{"start":{"line":1,"column":0},"end":{"line":1,"column":40}},"1":{"start":{"line":2,"column":0},"end":{"line":2,"column":62}},"2":{"start":{"line":3,"column":0},"end":{"line":3,"column":65}},"3":{"start":{"line":4,"column":0},"end":{"line":4,"column":83}},"4":{"start":{"line":5,"column":0},"end":{"line":5,"column":36}},"5":{"start":{"line":6,"column":0},"end":{"line":6,"column":42}},"6":{"start":{"line":8,"column":28},"end":{"line":40,"column":1}},"7":{"start":{"line":9,"column":40},"end":{"line":9,"column":52}},"8":{"start":{"line":10,"column":40},"end":{"line":10,"column":51}},"9":{"start":{"line":15,"column":6},"end":{"line":18,"column":4}},"10":{"start":{"line":19,"column":2},"end":{"line":39,"column":4}},"11":{"start":{"line":8,"column":13},"end":{"line":8,"column":28}}},"fnMap":{"0":{"name":"(anonymous_6)","decl":{"start":{"line":8,"column":28},"end":{"line":8,"column":31}},"loc":{"start":{"line":8,"column":33},"end":{"line":40,"column":1}}}},"branchMap":{"0":{"loc":{"start":{"line":12,"column":10},"end":{"line":12,"column":39}},"type":"default-arg","locations":[{"start":{"line":12,"column":37},"end":{"line":12,"column":39}}]}},"s":{"0":0,"1":0,"2":0,"3":0,"4":0,"5":0,"6":0,"7":0,"8":0,"9":0,"10":0,"11":0},"f":{"0":0},"b":{"0":[0]}}
,"D:\\React-native\\Ciak_Tv_React_Native\\Ciak__Tv\\screens\\search\\style.ts": {"path":"D:\\React-native\\Ciak_Tv_React_Native\\Ciak__Tv\\screens\\search\\style.ts","statementMap":{"0":{"start":{"line":1,"column":0},"end":{"line":1,"column":42}},"1":{"start":{"line":2,"column":15},"end":{"line":8,"column":3}}},"fnMap":{},"branchMap":{},"s":{"0":0,"1":0},"f":{},"b":{}}
,"D:\\React-native\\Ciak_Tv_React_Native\\Ciak__Tv\\services\\film.ts": {"path":"D:\\React-native\\Ciak_Tv_React_Native\\Ciak__Tv\\services\\film.ts","statementMap":{"0":{"start":{"line":1,"column":0},"end":{"line":1,"column":73}},"1":{"start":{"line":5,"column":13},"end":{"line":34,"column":3}},"2":{"start":{"line":10,"column":6},"end":{"line":13,"column":8}},"3":{"start":{"line":16,"column":27},"end":{"line":33,"column":4}},"4":{"start":{"line":18,"column":37},"end":{"line":18,"column":73}},"5":{"start":{"line":21,"column":37},"end":{"line":21,"column":74}},"6":{"start":{"line":24,"column":37},"end":{"line":24,"column":72}},"7":{"start":{"line":28,"column":8},"end":{"line":28,"column":70}},"8":{"start":{"line":31,"column":34},"end":{"line":31,"column":53}},"9":{"start":{"line":37,"column":2},"end":{"line":42,"column":12}}},"fnMap":{"0":{"name":"(anonymous_0)","decl":{"start":{"line":9,"column":20},"end":{"line":9,"column":21}},"loc":{"start":{"line":9,"column":32},"end":{"line":14,"column":5}}},"1":{"name":"(anonymous_1)","decl":{"start":{"line":16,"column":13},"end":{"line":16,"column":14}},"loc":{"start":{"line":16,"column":27},"end":{"line":33,"column":4}}},"2":{"name":"(anonymous_2)","decl":{"start":{"line":18,"column":13},"end":{"line":18,"column":14}},"loc":{"start":{"line":18,"column":37},"end":{"line":18,"column":73}}},"3":{"name":"(anonymous_3)","decl":{"start":{"line":21,"column":13},"end":{"line":21,"column":14}},"loc":{"start":{"line":21,"column":37},"end":{"line":21,"column":74}}},"4":{"name":"(anonymous_4)","decl":{"start":{"line":24,"column":13},"end":{"line":24,"column":14}},"loc":{"start":{"line":24,"column":37},"end":{"line":24,"column":72}}},"5":{"name":"(anonymous_5)","decl":{"start":{"line":27,"column":13},"end":{"line":27,"column":14}},"loc":{"start":{"line":28,"column":8},"end":{"line":28,"column":70}}},"6":{"name":"(anonymous_6)","decl":{"start":{"line":31,"column":13},"end":{"line":31,"column":14}},"loc":{"start":{"line":31,"column":34},"end":{"line":31,"column":53}}}},"branchMap":{},"s":{"0":3,"1":3,"2":0,"3":3,"4":0,"5":0,"6":0,"7":0,"8":0,"9":3},"f":{"0":0,"1":3,"2":0,"3":0,"4":0,"5":0,"6":0},"b":{}}
,"D:\\React-native\\Ciak_Tv_React_Native\\Ciak__Tv\\store\\favoriteSlice.ts": {"path":"D:\\React-native\\Ciak_Tv_React_Native\\Ciak__Tv\\store\\favoriteSlice.ts","statementMap":{"0":{"start":{"line":1,"column":0},"end":{"line":1,"column":47}},"1":{"start":{"line":11,"column":35},"end":{"line":13,"column":2}},"2":{"start":{"line":15,"column":13},"end":{"line":53,"column":3}},"3":{"start":{"line":27,"column":6},"end":{"line":29,"column":8}},"4":{"start":{"line":35,"column":6},"end":{"line":37,"column":8}},"5":{"start":{"line":44,"column":6},"end":{"line":49,"column":8}},"6":{"start":{"line":51,"column":22},"end":{"line":51,"column":34}},"7":{"start":{"line":55,"column":13},"end":{"line":59,"column":null}},"8":{"start":{"line":62,"column":0},"end":{"line":62,"column":37}}},"fnMap":{"0":{"name":"(anonymous_0)","decl":{"start":{"line":23,"column":25},"end":{"line":23,"column":null}},"loc":{"start":{"line":26,"column":8},"end":{"line":30,"column":5}}},"1":{"name":"(anonymous_1)","decl":{"start":{"line":31,"column":30},"end":{"line":31,"column":null}},"loc":{"start":{"line":34,"column":8},"end":{"line":38,"column":5}}},"2":{"name":"(anonymous_2)","decl":{"start":{"line":39,"column":28},"end":{"line":39,"column":null}},"loc":{"start":{"line":42,"column":8},"end":{"line":50,"column":5}}},"3":{"name":"(anonymous_3)","decl":{"start":{"line":51,"column":16},"end":{"line":51,"column":19}},"loc":{"start":{"line":51,"column":22},"end":{"line":51,"column":34}}}},"branchMap":{},"s":{"0":4,"1":4,"2":4,"3":1,"4":1,"5":1,"6":1,"7":4,"8":4},"f":{"0":1,"1":1,"2":1,"3":1},"b":{}}
,"D:\\React-native\\Ciak_Tv_React_Native\\Ciak__Tv\\store\\signupSlice.ts": {"path":"D:\\React-native\\Ciak_Tv_React_Native\\Ciak__Tv\\store\\signupSlice.ts","statementMap":{"0":{"start":{"line":1,"column":0},"end":{"line":1,"column":47}},"1":{"start":{"line":10,"column":13},"end":{"line":15,"column":2}},"2":{"start":{"line":17,"column":40},"end":{"line":19,"column":2}},"3":{"start":{"line":21,"column":13},"end":{"line":32,"column":3}},"4":{"start":{"line":27,"column":69},"end":{"line":29,"column":6}},"5":{"start":{"line":30,"column":22},"end":{"line":30,"column":34}},"6":{"start":{"line":34,"column":13},"end":{"line":34,"column":48}},"7":{"start":{"line":36,"column":0},"end":{"line":36,"column":35}}},"fnMap":{"0":{"name":"(anonymous_0)","decl":{"start":{"line":27,"column":22},"end":{"line":27,"column":23}},"loc":{"start":{"line":27,"column":69},"end":{"line":29,"column":6}}},"1":{"name":"(anonymous_1)","decl":{"start":{"line":30,"column":16},"end":{"line":30,"column":19}},"loc":{"start":{"line":30,"column":22},"end":{"line":30,"column":34}}}},"branchMap":{},"s":{"0":4,"1":4,"2":4,"3":4,"4":2,"5":1,"6":4,"7":4},"f":{"0":2,"1":1},"b":{}}
,"D:\\React-native\\Ciak_Tv_React_Native\\Ciak__Tv\\store\\store.ts": {"path":"D:\\React-native\\Ciak_Tv_React_Native\\Ciak__Tv\\store\\store.ts","statementMap":{"0":{"start":{"line":1,"column":0},"end":{"line":1,"column":null}},"1":{"start":{"line":6,"column":0},"end":{"line":6,"column":40}},"2":{"start":{"line":7,"column":0},"end":{"line":7,"column":43}},"3":{"start":{"line":8,"column":0},"end":{"line":8,"column":44}},"4":{"start":{"line":10,"column":20},"end":{"line":14,"column":2}},"5":{"start":{"line":16,"column":26},"end":{"line":22,"column":4}},"6":{"start":{"line":17,"column":2},"end":{"line":22,"column":4}},"7":{"start":{"line":21,"column":6},"end":{"line":21,"column":55}},"8":{"start":{"line":16,"column":13},"end":{"line":16,"column":26}}},"fnMap":{"0":{"name":"(anonymous_1)","decl":{"start":{"line":16,"column":26},"end":{"line":16,"column":27}},"loc":{"start":{"line":17,"column":2},"end":{"line":22,"column":4}}},"1":{"name":"(anonymous_2)","decl":{"start":{"line":20,"column":16},"end":{"line":20,"column":17}},"loc":{"start":{"line":21,"column":6},"end":{"line":21,"column":55}}}},"branchMap":{},"s":{"0":3,"1":3,"2":3,"3":3,"4":3,"5":3,"6":3,"7":3,"8":3},"f":{"0":3,"1":3},"b":{}}
}
